2026-04-09 12:05:11 [INFO] === Scraper started ===
2026-04-09 12:05:11 [INFO] Tracking 8 URLs, polling every 30 minutes
2026-04-09 12:05:11 [INFO] Starting scrape cycle — 8 URLs
2026-04-09 12:05:12 [INFO] Browser opened
2026-04-09 12:05:12 [INFO] [B0FPCNKT9X] Navigating to page...
2026-04-09 12:05:18 [INFO] [B0FPCNKT9X] Waiting for price element...
2026-04-09 12:05:19 [INFO] [B0FPCNKT9X] Price: $37.99
2026-04-09 12:05:19 [INFO] Waiting 4.8s before next page...
2026-04-09 12:05:24 [INFO] [B0GJ5GCZMC] Navigating to page...
2026-04-09 12:05:29 [INFO] [B0GJ5GCZMC] Waiting for price element...
2026-04-09 12:05:29 [INFO] [B0GJ5GCZMC] Price: $29.99
2026-04-09 12:05:29 [INFO] Waiting 3.3s before next page...
2026-04-09 12:05:33 [INFO] [B0FCMM85GN] Navigating to page...
2026-04-09 12:05:37 [INFO] [B0FCMM85GN] Waiting for price element...
2026-04-09 12:05:38 [INFO] [B0FCMM85GN] Price: $50.99
2026-04-09 12:05:38 [INFO] Waiting 5.0s before next page...
2026-04-09 12:05:43 [INFO] [B074TDRF5B] Navigating to page...
2026-04-09 12:05:47 [INFO] [B074TDRF5B] Waiting for price element...
2026-04-09 12:05:48 [INFO] [B074TDRF5B] Price: $8.99
2026-04-09 12:05:48 [INFO] Waiting 4.4s before next page...
2026-04-09 12:05:52 [INFO] [B07NV4JGTG] Navigating to page...
2026-04-09 12:05:57 [INFO] [B07NV4JGTG] Waiting for price element...
2026-04-09 12:05:57 [INFO] [B07NV4JGTG] Price: $5.49
2026-04-09 12:05:57 [INFO] Waiting 3.4s before next page...
2026-04-09 12:06:00 [INFO] [B0FCMM85GN] Navigating to page...
2026-04-09 12:06:05 [INFO] [B0FCMM85GN] Waiting for price element...
2026-04-09 12:06:05 [INFO] [B0FCMM85GN] Price: $50.99
2026-04-09 12:06:05 [INFO] Waiting 4.4s before next page...
2026-04-09 12:06:09 [INFO] [B0CT2N8L5F] Navigating to page...
2026-04-09 12:06:14 [INFO] [B0CT2N8L5F] Waiting for price element...
2026-04-09 12:06:14 [INFO] [B0CT2N8L5F] Price: $66.99
2026-04-09 12:06:14 [INFO] Waiting 3.6s before next page...
2026-04-09 12:06:18 [INFO] [B07Z8ZBXPH] Navigating to page...
2026-04-09 12:06:24 [INFO] [B07Z8ZBXPH] Waiting for price element...
2026-04-09 12:06:24 [INFO] [B07Z8ZBXPH] Price: $44.99
2026-04-09 12:06:24 [INFO] Waiting 2.2s before next page...
2026-04-09 12:06:26 [INFO] Browser closing
2026-04-09 12:06:27 [INFO] Cycle complete — 8/8 successful
2026-04-09 12:06:27 [INFO] Saved 8 rows to prices.csv
2026-04-09 12:06:27 [INFO] Sleeping 30 minutes until next cycle...
2026-04-09 12:32:27 [INFO] === Scraper started ===
2026-04-09 12:32:27 [INFO] Tracking 7 URLs, polling every 30 minutes
2026-04-09 12:32:27 [INFO] ==================================================
2026-04-09 12:32:27 [INFO] Starting scrape cycle — 7 URLs
2026-04-09 12:32:27 [INFO] ==================================================
2026-04-09 12:32:28 [INFO] Browser opened
2026-04-09 12:32:28 [INFO] [B0FCMM85GN] Attempt 1/3 — navigating...
2026-04-09 12:32:36 [INFO] [B0FCMM85GN] Waiting for price element...
2026-04-09 12:32:36 [INFO] [B0FCMM85GN] ✓ Price: $50.99
2026-04-09 12:32:36 [INFO] Waiting 3.8s before next page...
2026-04-09 12:32:40 [INFO] [B0FPCNKT9X] Attempt 1/3 — navigating...
2026-04-09 12:32:51 [INFO] [B0FPCNKT9X] Waiting for price element...
2026-04-09 12:32:51 [WARNING] [B0FPCNKT9X] Element found but no price text inside — page may have loaded incomplete.
2026-04-09 12:32:51 [ERROR] [B0FPCNKT9X] Attempt 1 failed: Price text missing from element
2026-04-09 12:32:51 [INFO] [B0FPCNKT9X] Retrying in 5s...
2026-04-09 12:32:56 [INFO] [B0FPCNKT9X] Attempt 2/3 — navigating...
2026-04-09 12:33:05 [INFO] [B0FPCNKT9X] Waiting for price element...
2026-04-09 12:33:05 [WARNING] [B0FPCNKT9X] Element found but no price text inside — page may have loaded incomplete.
2026-04-09 12:33:05 [ERROR] [B0FPCNKT9X] Attempt 2 failed: Price text missing from element
2026-04-09 12:33:05 [INFO] [B0FPCNKT9X] Retrying in 15s...
2026-04-09 12:33:20 [INFO] [B0FPCNKT9X] Attempt 3/3 — navigating...
2026-04-09 12:33:25 [INFO] [B0FPCNKT9X] Waiting for price element...
2026-04-09 12:33:25 [WARNING] [B0FPCNKT9X] Element found but no price text inside — page may have loaded incomplete.
2026-04-09 12:33:25 [ERROR] [B0FPCNKT9X] Attempt 3 failed: Price text missing from element
2026-04-09 12:33:25 [ERROR] [B0FPCNKT9X] All 3 attempts failed — giving up this cycle.
2026-04-09 12:33:25 [INFO] Waiting 3.3s before next page...
2026-04-09 12:33:28 [INFO] [B07NV4JGTG] Attempt 1/3 — navigating...
2026-04-09 12:33:44 [INFO] [B07NV4JGTG] Waiting for price element...
2026-04-09 12:34:14 [WARNING] [B07NV4JGTG] Price element did not appear within timeout.
2026-04-09 12:34:14 [WARNING] [B07NV4JGTG] Product is out of stock / unavailable — no price to record.
2026-04-09 12:34:14 [INFO] Waiting 3.5s before next page...
2026-04-09 12:34:18 [INFO] [B07Z8ZBXPH] Attempt 1/3 — navigating...
2026-04-09 12:34:25 [INFO] [B07Z8ZBXPH] Waiting for price element...
2026-04-09 12:34:25 [INFO] [B07Z8ZBXPH] ✓ Price: $44.99
2026-04-09 12:34:25 [INFO] Waiting 2.2s before next page...
2026-04-09 12:34:27 [INFO] [B074TDRF5B] Attempt 1/3 — navigating...
2026-04-09 12:34:33 [INFO] [B074TDRF5B] Waiting for price element...
2026-04-09 12:34:33 [INFO] [B074TDRF5B] ✓ Price: $27.15
2026-04-09 12:34:33 [INFO] Waiting 4.7s before next page...
2026-04-09 12:34:37 [INFO] [B0GJ5GCZMC] Attempt 1/3 — navigating...
2026-04-09 12:34:42 [INFO] [B0GJ5GCZMC] Waiting for price element...
2026-04-09 12:34:42 [INFO] [B0GJ5GCZMC] ✓ Price: $29.99
2026-04-09 12:34:42 [INFO] Waiting 4.1s before next page...
2026-04-09 12:34:47 [INFO] [B0CT2N8L5F] Attempt 1/3 — navigating...
2026-04-09 12:34:52 [INFO] [B0CT2N8L5F] Waiting for price element...
2026-04-09 12:34:52 [INFO] [B0CT2N8L5F] ✓ Price: $66.99
2026-04-09 12:34:52 [INFO] Waiting 2.1s before next page...
2026-04-09 12:34:53 [CRITICAL] Browser crashed mid-cycle: Browser.close: Connection closed while reading from the driver
2026-04-09 12:34:53 [INFO] Cycle complete — 5 succeeded, 2 failed out of 7
2026-04-09 12:34:53 [INFO] Sleeping 30 minutes until next cycle...
2026-04-09 12:35:04 [INFO] === Scraper started ===
2026-04-09 12:35:04 [INFO] Tracking 8 URLs, polling every 30 minutes
2026-04-09 12:35:04 [INFO] Starting scrape cycle — 8 URLs
2026-04-09 12:35:05 [INFO] Browser opened
2026-04-09 12:35:05 [INFO] [B0FCMM85GN] Navigating to page...
2026-04-09 12:35:12 [INFO] [B0FCMM85GN] Waiting for price element...
2026-04-09 12:35:42 [ERROR] [B0FCMM85GN] Page scrape failed: Page.wait_for_selector: Timeout 30000ms exceeded.
Call log:
  - waiting for locator("li[data-asin=\"B0FCMM85GN\"]") to be visible

2026-04-09 12:35:42 [INFO] Waiting 4.5s before next page...
2026-04-09 12:35:47 [INFO] [B0FPCNKT9X] Navigating to page...
2026-04-09 12:35:53 [INFO] [B0FPCNKT9X] Waiting for price element...
2026-04-09 12:35:53 [INFO] [B0FPCNKT9X] Price: $48.33
2026-04-09 12:35:53 [INFO] Waiting 3.8s before next page...
2026-04-09 12:35:57 [INFO] [B0FCMM85GN] Navigating to page...
2026-04-09 12:36:02 [INFO] [B0FCMM85GN] Waiting for price element...
2026-04-09 12:36:02 [INFO] [B0FCMM85GN] Price: $64.87
2026-04-09 12:36:02 [INFO] Waiting 2.7s before next page...
2026-04-09 12:36:05 [INFO] [B0GJ5GCZMC] Navigating to page...
2026-04-09 12:36:10 [INFO] [B0GJ5GCZMC] Waiting for price element...
2026-04-09 12:36:10 [INFO] [B0GJ5GCZMC] Price: $38.16
2026-04-09 12:36:10 [INFO] Waiting 2.9s before next page...
2026-04-09 12:36:13 [INFO] [B07Z8ZBXPH] Navigating to page...
2026-04-09 12:36:18 [INFO] [B07Z8ZBXPH] Waiting for price element...
2026-04-09 12:36:18 [INFO] [B07Z8ZBXPH] Price: $57.24
2026-04-09 12:36:18 [INFO] Waiting 4.1s before next page...
2026-04-09 12:36:22 [INFO] [B074TDRF5B] Navigating to page...
2026-04-09 12:36:28 [INFO] [B074TDRF5B] Waiting for price element...
2026-04-09 12:36:28 [INFO] [B074TDRF5B] Price: $27.15
2026-04-09 12:36:28 [INFO] Waiting 4.3s before next page...
2026-04-09 12:36:33 [INFO] [B07NV4JGTG] Navigating to page...
2026-04-09 12:37:03 [ERROR] [B07NV4JGTG] Page scrape failed: Page.goto: Timeout 30000ms exceeded.
Call log:
  - navigating to "https://www.amazon.com/dp/B07NV4JGTG/?th=1&psc=1", waiting until "domcontentloaded"

2026-04-09 12:37:03 [INFO] Waiting 3.7s before next page...
2026-04-09 12:37:06 [INFO] [B0CT2N8L5F] Navigating to page...
2026-04-09 12:37:12 [INFO] [B0CT2N8L5F] Waiting for price element...
2026-04-09 12:37:13 [INFO] [B0CT2N8L5F] Price: $85.23
2026-04-09 12:37:13 [INFO] Waiting 4.9s before next page...
2026-04-09 12:37:17 [INFO] Browser closing
2026-04-09 12:37:18 [INFO] Cycle complete — 6/8 successful
2026-04-09 12:37:18 [INFO] Saved 6 rows to prices.csv
2026-04-09 12:37:18 [INFO] Sleeping 30 minutes until next cycle...
2026-04-09 12:38:34 [INFO] === Scraper started ===
2026-04-09 12:38:34 [INFO] Tracking 7 URLs, polling every 30 minutes
2026-04-09 12:38:34 [INFO] ==================================================
2026-04-09 12:38:34 [INFO] Starting scrape cycle — 7 URLs
2026-04-09 12:38:34 [INFO] ==================================================
2026-04-09 12:38:35 [INFO] Browser opened
2026-04-09 12:38:35 [INFO] [B0CT2N8L5F] Attempt 1/3 — navigating...
2026-04-09 12:38:42 [INFO] [B0CT2N8L5F] Waiting for price element...
2026-04-09 12:39:12 [WARNING] [B0CT2N8L5F] Price element did not appear within timeout.
2026-04-09 12:39:12 [ERROR] [B0CT2N8L5F] Attempt 1 failed: Price element timeout
2026-04-09 12:39:12 [INFO] [B0CT2N8L5F] Retrying in 5s...
2026-04-09 12:39:17 [INFO] [B0CT2N8L5F] Attempt 2/3 — navigating...
2026-04-09 12:39:23 [INFO] [B0CT2N8L5F] Waiting for price element...
2026-04-09 12:39:23 [INFO] [B0CT2N8L5F] ✓ Price: $85.23
2026-04-09 12:39:23 [INFO] Waiting 3.4s before next page...
2026-04-09 12:39:27 [INFO] [B074TDRF5B] Attempt 1/3 — navigating...
2026-04-09 12:39:33 [INFO] [B074TDRF5B] Waiting for price element...
2026-04-09 12:39:33 [INFO] [B074TDRF5B] ✓ Price: $27.15
2026-04-09 12:39:33 [INFO] Waiting 3.8s before next page...
2026-04-09 12:39:37 [INFO] [B07Z8ZBXPH] Attempt 1/3 — navigating...
2026-04-09 12:39:43 [INFO] [B07Z8ZBXPH] Waiting for price element...
2026-04-09 12:39:43 [INFO] [B07Z8ZBXPH] ✓ Price: $57.24
2026-04-09 12:39:43 [INFO] Waiting 2.8s before next page...
2026-04-09 12:39:46 [INFO] [B07NV4JGTG] Attempt 1/3 — navigating...
2026-04-09 12:39:51 [INFO] [B07NV4JGTG] Waiting for price element...
2026-04-09 12:40:21 [WARNING] [B07NV4JGTG] Price element did not appear within timeout.
2026-04-09 12:40:21 [WARNING] [B07NV4JGTG] Product is out of stock / unavailable — no price to record.
2026-04-09 12:40:21 [INFO] Waiting 4.1s before next page...
2026-04-09 12:40:25 [INFO] [B0FPCNKT9X] Attempt 1/3 — navigating...
2026-04-09 12:40:36 [ERROR] Task was destroyed but it is pending!
task: <Task pending name='Task-36' coro=<Page.goto() done, defined at /home/dashrs/projects/amazon-price-tracker-scraping/.venv/lib/python3.13/site-packages/playwright/_impl/_page.py:545> wait_for=<Future pending cb=[Task.task_wakeup()]> cb=[SyncBase._sync.<locals>.<lambda>() at /home/dashrs/projects/amazon-price-tracker-scraping/.venv/lib/python3.13/site-packages/playwright/_impl/_sync_base.py:111, ProtocolCallback.__init__.<locals>.cb() at /home/dashrs/projects/amazon-price-tracker-scraping/.venv/lib/python3.13/site-packages/playwright/_impl/_connection.py:230]>
2026-04-09 12:40:36 [ERROR] Task was destroyed but it is pending!
task: <Task pending name='Task-37' coro=<Browser.close() running at /home/dashrs/projects/amazon-price-tracker-scraping/.venv/lib/python3.13/site-packages/playwright/_impl/_browser.py:232> cb=[SyncBase._sync.<locals>.<lambda>() at /home/dashrs/projects/amazon-price-tracker-scraping/.venv/lib/python3.13/site-packages/playwright/_impl/_sync_base.py:111]>
2026-04-09 12:40:54 [INFO] === Scraper started ===
2026-04-09 12:40:54 [INFO] Tracking 7 URLs, polling every 30 minutes
2026-04-09 12:40:54 [INFO] ==================================================
2026-04-09 12:40:54 [INFO] Starting scrape cycle — 7 URLs
2026-04-09 12:40:54 [INFO] ==================================================
2026-04-09 12:40:55 [INFO] Browser opened
2026-04-09 12:40:55 [INFO] [B07Z8ZBXPH] Attempt 1/3 — navigating...
2026-04-09 12:41:01 [INFO] [B07Z8ZBXPH] Waiting for price element...
2026-04-09 12:41:08 [WARNING] [B07Z8ZBXPH] Element found but no price text inside — page may have loaded incomplete.
2026-04-09 12:41:08 [ERROR] [B07Z8ZBXPH] Attempt 1 failed: Price text missing from element
2026-04-09 12:41:08 [INFO] [B07Z8ZBXPH] Retrying in 5s...
2026-04-09 12:41:13 [INFO] [B07Z8ZBXPH] Attempt 2/3 — navigating...
2026-04-09 12:41:18 [INFO] [B07Z8ZBXPH] Waiting for price element...
2026-04-09 12:41:18 [INFO] [B07Z8ZBXPH] ✓ Price: $57.24
2026-04-09 12:41:18 [INFO] Waiting 4.4s before next page...
2026-04-09 12:41:22 [INFO] [B07NV4JGTG] Attempt 1/3 — navigating...
2026-04-09 12:41:30 [INFO] [B07NV4JGTG] Waiting for price element...
2026-04-09 12:42:00 [WARNING] [B07NV4JGTG] Price element did not appear within timeout.
2026-04-09 12:42:00 [WARNING] [B07NV4JGTG] Product is out of stock / unavailable — no price to record.
2026-04-09 12:42:00 [INFO] Waiting 2.2s before next page...
2026-04-09 12:42:03 [INFO] [B0CT2N8L5F] Attempt 1/3 — navigating...
2026-04-09 12:42:08 [INFO] [B0CT2N8L5F] Waiting for price element...
2026-04-09 12:42:09 [INFO] [B0CT2N8L5F] ✓ Price: $85.23
2026-04-09 12:42:09 [INFO] Waiting 2.3s before next page...
2026-04-09 12:42:11 [INFO] [B074TDRF5B] Attempt 1/3 — navigating...
2026-04-09 12:42:16 [INFO] [B074TDRF5B] Waiting for price element...
2026-04-09 12:42:16 [INFO] [B074TDRF5B] ✓ Price: $27.15
2026-04-09 12:42:16 [INFO] Waiting 2.6s before next page...
2026-04-09 12:42:19 [INFO] [B0FCMMFNQC] Attempt 1/3 — navigating...
2026-04-09 12:42:25 [INFO] [B0FCMMFNQC] Waiting for price element...
2026-04-09 12:42:25 [INFO] [B0FCMMFNQC] ✓ Price: $80.14
2026-04-09 12:42:25 [INFO] Waiting 2.0s before next page...
2026-04-09 12:42:27 [INFO] [B0FPCNKT9X] Attempt 1/3 — navigating...
2026-04-09 12:42:33 [INFO] [B0FPCNKT9X] Waiting for price element...
2026-04-09 12:42:33 [INFO] [B0FPCNKT9X] ✓ Price: $48.33
2026-04-09 12:42:33 [INFO] Waiting 3.5s before next page...
2026-04-09 12:42:37 [INFO] [B0GJ5GCZMC] Attempt 1/3 — navigating...
2026-04-09 12:42:42 [INFO] [B0GJ5GCZMC] Waiting for price element...
2026-04-09 12:42:42 [INFO] [B0GJ5GCZMC] ✓ Price: $38.16
2026-04-09 12:42:42 [INFO] Waiting 2.1s before next page...
2026-04-09 12:42:44 [INFO] Browser closing
2026-04-09 12:42:44 [INFO] Cycle complete — 6 succeeded, 1 failed out of 7
2026-04-09 12:42:44 [INFO] Sleeping 30 minutes until next cycle...
2026-04-09 12:47:14 [INFO] === Scraper started ===
2026-04-09 12:47:14 [INFO] Tracking 7 URLs, polling every 30 minutes
2026-04-09 12:47:14 [INFO] ==================================================
2026-04-09 12:47:14 [INFO] Starting scrape cycle — 7 URLs
2026-04-09 12:47:14 [INFO] ==================================================
2026-04-09 12:47:15 [INFO] Browser opened (headful, 1920x1080, en-US)
2026-04-09 12:47:15 [INFO] [B0CT2N8L5F] Attempt 1/3 — navigating...
2026-04-09 12:47:23 [INFO] [B0CT2N8L5F] Waiting for price element...
2026-04-09 12:47:53 [WARNING] [B0CT2N8L5F] Price element did not appear within timeout.
2026-04-09 12:47:53 [ERROR] [B0CT2N8L5F] Attempt 1 failed: Price element timeout
2026-04-09 12:47:53 [INFO] [B0CT2N8L5F] Retrying in 5s...
2026-04-09 12:47:58 [INFO] [B0CT2N8L5F] Attempt 2/3 — navigating...
2026-04-09 12:48:10 [INFO] [B0CT2N8L5F] Waiting for price element...
2026-04-09 12:48:10 [INFO] [B0CT2N8L5F] ✓ Price: $85.23
2026-04-09 12:48:10 [INFO] Waiting 3.3s before next page...
2026-04-09 12:48:14 [INFO] [B0GJ5GCZMC] Attempt 1/3 — navigating...
2026-04-09 12:48:23 [INFO] [B0GJ5GCZMC] Waiting for price element...
2026-04-09 12:48:23 [INFO] [B0GJ5GCZMC] ✓ Price: $38.16
2026-04-09 12:48:23 [INFO] Waiting 2.8s before next page...
2026-04-09 12:48:25 [INFO] [B074TDRF5B] Attempt 1/3 — navigating...
2026-04-09 12:48:35 [INFO] [B074TDRF5B] Waiting for price element...
2026-04-09 12:48:35 [INFO] [B074TDRF5B] ✓ Price: $27.15
2026-04-09 12:48:35 [INFO] Waiting 3.2s before next page...
2026-04-09 12:48:38 [INFO] [B0FPCNKT9X] Attempt 1/3 — navigating...
2026-04-09 12:48:47 [INFO] [B0FPCNKT9X] Waiting for price element...
2026-04-09 12:48:47 [INFO] [B0FPCNKT9X] ✓ Price: $48.33
2026-04-09 12:48:47 [INFO] Waiting 4.3s before next page...
2026-04-09 12:48:51 [INFO] [B0FCMM85GN] Attempt 1/3 — navigating...
2026-04-09 12:49:00 [INFO] [B0FCMM85GN] Waiting for price element...
2026-04-09 12:49:00 [INFO] [B0FCMM85GN] ✓ Price: $64.87
2026-04-09 12:49:00 [INFO] Waiting 4.1s before next page...
2026-04-09 12:49:04 [INFO] [B07Z8ZBXPH] Attempt 1/3 — navigating...
2026-04-09 12:49:13 [INFO] [B07Z8ZBXPH] Waiting for price element...
2026-04-09 12:49:13 [INFO] [B07Z8ZBXPH] ✓ Price: $57.24
2026-04-09 12:49:13 [INFO] Waiting 2.6s before next page...
2026-04-09 12:49:15 [INFO] [B07NV4JGTG] Attempt 1/3 — navigating...
2026-04-09 12:49:24 [INFO] [B07NV4JGTG] Waiting for price element...
2026-04-09 12:49:24 [INFO] [B07NV4JGTG] ✓ Price: $6.98
2026-04-09 12:49:24 [INFO] Waiting 2.2s before next page...
2026-04-09 12:49:27 [INFO] Browser closing
2026-04-09 12:49:27 [INFO] Cycle complete — 7 succeeded, 0 failed out of 7
2026-04-09 12:49:27 [INFO] Sleeping 30 minutes until next cycle...
2026-04-09 12:53:00 [INFO] === Scraper started ===
2026-04-09 12:53:00 [INFO] Tracking 7 URLs, polling every 30 minutes
2026-04-09 12:53:00 [INFO] ==================================================
2026-04-09 12:53:00 [INFO] Starting scrape cycle — 7 URLs
2026-04-09 12:53:00 [INFO] ==================================================
2026-04-09 12:53:00 [INFO] Browser opened (headful, 1920x1080, en-US)
2026-04-09 12:53:00 [INFO] [warmup] Starting session warmup...
2026-04-09 12:53:01 [INFO] [warmup] Visiting Amazon homepage...
2026-04-09 12:53:11 [INFO] [warmup] Homepage visited
2026-04-09 12:53:11 [INFO] [warmup] Opening new tab: https://www.amazon.com/s?k=halloween+costumes
2026-04-09 12:53:24 [INFO] [warmup] Closing tab: https://www.amazon.com/s?k=halloween+costumes
2026-04-09 12:53:26 [INFO] [warmup] Opening new tab: https://www.amazon.com/deals
2026-04-09 12:53:42 [INFO] [warmup] Closing tab: https://www.amazon.com/deals
2026-04-09 12:53:44 [INFO] [warmup] Session warmup complete — starting product scraping
2026-04-09 12:53:44 [INFO] [B0CT2N8L5F] Attempt 1/3 — navigating...
2026-04-09 12:53:53 [INFO] [B0CT2N8L5F] Waiting for price element...
2026-04-09 12:54:23 [WARNING] [B0CT2N8L5F] Price element did not appear within timeout.
2026-04-09 12:54:23 [ERROR] [B0CT2N8L5F] Attempt 1 failed: Price element timeout
2026-04-09 12:54:23 [INFO] [B0CT2N8L5F] Retrying in 5s...
2026-04-09 12:54:28 [INFO] [B0CT2N8L5F] Attempt 2/3 — navigating...
2026-04-09 12:54:39 [INFO] [B0CT2N8L5F] Waiting for price element...
2026-04-09 12:54:39 [INFO] [B0CT2N8L5F] ✓ Price: $85.23
2026-04-09 12:54:39 [INFO] Waiting 2.8s before next page...
2026-04-09 12:54:42 [INFO] [B0FPCNKT9X] Attempt 1/3 — navigating...
2026-04-09 12:54:51 [INFO] [B0FPCNKT9X] Waiting for price element...
2026-04-09 12:54:51 [INFO] [B0FPCNKT9X] ✓ Price: $48.33
2026-04-09 12:54:51 [INFO] Waiting 4.1s before next page...
2026-04-09 12:54:55 [INFO] [B07NV4JGTG] Attempt 1/3 — navigating...
2026-04-09 12:55:01 [WARNING] [B07NV4JGTG] Bot detection page (secure transaction, no cart) — applying human behavior and retrying.
2026-04-09 12:55:03 [ERROR] [B07NV4JGTG] Attempt 1 failed: Bot page detected
2026-04-09 12:55:03 [INFO] [B07NV4JGTG] Retrying in 5s...
2026-04-09 12:55:08 [INFO] [B07NV4JGTG] Attempt 2/3 — navigating...
2026-04-09 12:55:14 [WARNING] [B07NV4JGTG] Bot detection page (secure transaction, no cart) — applying human behavior and retrying.
2026-04-09 12:55:16 [ERROR] [B07NV4JGTG] Attempt 2 failed: Bot page detected
2026-04-09 12:55:16 [INFO] [B07NV4JGTG] Retrying in 15s...
2026-04-09 12:55:31 [INFO] [B07NV4JGTG] Attempt 3/3 — navigating...
2026-04-09 12:55:36 [WARNING] [B07NV4JGTG] Bot detection page (secure transaction, no cart) — applying human behavior and retrying.
2026-04-09 12:55:39 [ERROR] [B07NV4JGTG] Attempt 3 failed: Bot page detected
2026-04-09 12:55:39 [ERROR] [B07NV4JGTG] All 3 attempts failed — giving up this cycle.
2026-04-09 12:55:39 [INFO] Waiting 2.9s before next page...
2026-04-09 12:55:42 [INFO] [B074TDRF5B] Attempt 1/3 — navigating...
2026-04-09 12:55:49 [INFO] [B074TDRF5B] Waiting for price element...
2026-04-09 12:55:49 [INFO] [B074TDRF5B] ✓ Price: $27.15
2026-04-09 12:55:49 [INFO] Waiting 3.1s before next page...
2026-04-09 12:55:53 [INFO] [B0GJ5GCZMC] Attempt 1/3 — navigating...
2026-04-09 12:56:01 [INFO] [B0GJ5GCZMC] Waiting for price element...
2026-04-09 12:56:01 [INFO] [B0GJ5GCZMC] ✓ Price: $38.16
2026-04-09 12:56:01 [INFO] Waiting 3.2s before next page...
2026-04-09 12:56:04 [INFO] [B07Z8ZBXPH] Attempt 1/3 — navigating...
2026-04-09 12:56:13 [INFO] [B07Z8ZBXPH] Waiting for price element...
2026-04-09 12:56:13 [INFO] [B07Z8ZBXPH] ✓ Price: $57.24
2026-04-09 12:56:13 [INFO] Waiting 4.3s before next page...
2026-04-09 12:56:17 [INFO] [B0FCMM85GN] Attempt 1/3 — navigating...
2026-04-09 12:56:26 [INFO] [B0FCMM85GN] Waiting for price element...
2026-04-09 12:56:26 [INFO] [B0FCMM85GN] ✓ Price: $64.87
2026-04-09 12:56:26 [INFO] Waiting 4.3s before next page...
2026-04-09 12:56:30 [INFO] Browser closing
2026-04-09 12:56:30 [INFO] Cycle complete — 6 succeeded, 1 failed out of 7
2026-04-09 12:56:30 [INFO] Sleeping 30 minutes until next cycle...
2026-04-09 12:57:47 [INFO] === Scraper started ===
2026-04-09 12:57:47 [INFO] Tracking 7 URLs, polling every 30 minutes
2026-04-09 12:57:47 [INFO] ==================================================
2026-04-09 12:57:47 [INFO] Starting scrape cycle — 7 URLs
2026-04-09 12:57:47 [INFO] ==================================================
2026-04-09 12:57:48 [INFO] Browser opened (headful, 1920x1080, en-US)
2026-04-09 12:57:48 [INFO] [warmup] Starting session warmup...
2026-04-09 12:57:48 [INFO] [warmup] Visiting Amazon homepage...
2026-04-09 12:57:57 [INFO] [warmup] Homepage visited
2026-04-09 12:57:57 [INFO] [warmup] Opening new tab: https://www.amazon.com/deals
2026-04-09 12:58:13 [INFO] [warmup] Closing tab: https://www.amazon.com/deals
2026-04-09 12:58:15 [INFO] [warmup] Opening new tab: https://www.amazon.com/s?k=thigh+high+socks
2026-04-09 12:58:26 [INFO] [warmup] Closing tab: https://www.amazon.com/s?k=thigh+high+socks
2026-04-09 12:58:28 [INFO] [warmup] Session warmup complete — starting product scraping
2026-04-09 12:58:28 [INFO] [B07NV4JGTG] Attempt 1/3 — navigating...
2026-04-09 12:58:38 [INFO] [B07NV4JGTG] Waiting for price element...
2026-04-09 12:59:08 [WARNING] [B07NV4JGTG] Price element did not appear within timeout.
2026-04-09 12:59:08 [ERROR] [B07NV4JGTG] Attempt 1 failed: Price element timeout
2026-04-09 12:59:08 [INFO] [B07NV4JGTG] Retrying in 5s...
2026-04-09 12:59:13 [INFO] [B07NV4JGTG] Attempt 2/3 — navigating...
2026-04-09 12:59:21 [WARNING] [B07NV4JGTG] Bot detection page (secure transaction, no cart) — applying human behavior and retrying.
2026-04-09 12:59:24 [ERROR] [B07NV4JGTG] Attempt 2 failed: Bot page detected
2026-04-09 12:59:24 [INFO] [B07NV4JGTG] Retrying in 15s...
2026-04-09 12:59:39 [INFO] [B07NV4JGTG] Attempt 3/3 — navigating...
2026-04-09 12:59:44 [WARNING] [B07NV4JGTG] Bot detection page (secure transaction, no cart) — applying human behavior and retrying.
2026-04-09 12:59:47 [ERROR] [B07NV4JGTG] Attempt 3 failed: Bot page detected
2026-04-09 12:59:47 [ERROR] [B07NV4JGTG] All 3 attempts failed — giving up this cycle.
2026-04-09 12:59:47 [INFO] Waiting 4.6s before next page...
2026-04-09 12:59:51 [INFO] [B07Z8ZBXPH] Attempt 1/3 — navigating...
2026-04-09 13:00:00 [INFO] [B07Z8ZBXPH] Waiting for price element...
2026-04-09 13:00:00 [INFO] [B07Z8ZBXPH] ✓ Price: $57.24
2026-04-09 13:00:00 [INFO] Waiting 2.1s before next page...
2026-04-09 13:00:02 [INFO] [B0FPCNKT9X] Attempt 1/3 — navigating...
2026-04-09 13:00:10 [INFO] [B0FPCNKT9X] Waiting for price element...
2026-04-09 13:00:10 [INFO] [B0FPCNKT9X] ✓ Price: $48.33
2026-04-09 13:00:10 [INFO] Waiting 4.1s before next page...
2026-04-09 13:00:14 [INFO] [B0FCMM85GN] Attempt 1/3 — navigating...
2026-04-09 13:00:19 [ERROR] Task was destroyed but it is pending!
task: <Task pending name='Task-120' coro=<Page.wait_for_timeout() done, defined at /home/dashrs/projects/amazon-price-tracker-scraping/.venv/lib/python3.13/site-packages/playwright/_impl/_page.py:1100> wait_for=<Future pending cb=[Task.task_wakeup()]> cb=[SyncBase._sync.<locals>.<lambda>() at /home/dashrs/projects/amazon-price-tracker-scraping/.venv/lib/python3.13/site-packages/playwright/_impl/_sync_base.py:111, ProtocolCallback.__init__.<locals>.cb() at /home/dashrs/projects/amazon-price-tracker-scraping/.venv/lib/python3.13/site-packages/playwright/_impl/_connection.py:230]>
2026-04-09 13:00:19 [ERROR] Task was destroyed but it is pending!
task: <Task pending name='Task-121' coro=<Browser.close() running at /home/dashrs/projects/amazon-price-tracker-scraping/.venv/lib/python3.13/site-packages/playwright/_impl/_browser.py:232> cb=[SyncBase._sync.<locals>.<lambda>() at /home/dashrs/projects/amazon-price-tracker-scraping/.venv/lib/python3.13/site-packages/playwright/_impl/_sync_base.py:111]>
2026-04-09 13:00:21 [INFO] === Scraper started ===
2026-04-09 13:00:21 [INFO] Tracking 7 URLs, polling every 30 minutes
2026-04-09 13:00:21 [INFO] ==================================================
2026-04-09 13:00:21 [INFO] Starting scrape cycle — 7 URLs
2026-04-09 13:00:21 [INFO] ==================================================
2026-04-09 13:00:21 [INFO] Browser opened (headful, 1920x1080, en-US)
2026-04-09 13:00:21 [INFO] [warmup] Starting session warmup...
2026-04-09 13:00:22 [INFO] [warmup] Visiting Amazon homepage...
2026-04-09 13:00:33 [INFO] [warmup] Homepage visited
2026-04-09 13:00:33 [INFO] [warmup] Opening new tab: https://www.amazon.com/s?k=thigh+high+socks
2026-04-09 13:00:37 [WARNING] [warmup] Tab browse failed for https://www.amazon.com/s?k=thigh+high+socks: Page.wait_for_timeout: Target page, context or browser has been closed
2026-04-09 13:00:38 [CRITICAL] Browser crashed mid-cycle: Browser.close: Connection closed while reading from the driver
2026-04-09 13:00:38 [INFO] Cycle complete — 0 succeeded, 0 failed out of 7
2026-04-09 13:00:38 [INFO] Sleeping 30 minutes until next cycle...
2026-04-09 13:00:54 [INFO] === Scraper started ===
2026-04-09 13:00:54 [INFO] Tracking 7 URLs, polling every 30 minutes
2026-04-09 13:00:54 [INFO] ==================================================
2026-04-09 13:00:54 [INFO] Starting scrape cycle — 7 URLs
2026-04-09 13:00:54 [INFO] ==================================================
2026-04-09 13:00:55 [INFO] Browser opened (headful, 1920x1080, en-US)
2026-04-09 13:00:55 [INFO] [warmup] Starting session warmup...
2026-04-09 13:00:55 [INFO] [warmup] Visiting Amazon homepage...
2026-04-09 13:01:06 [INFO] [warmup] Homepage visited
2026-04-09 13:01:06 [INFO] [warmup] Opening new tab: https://www.amazon.com/deals
2026-04-09 13:01:41 [ERROR] Task was destroyed but it is pending!
task: <Task pending name='Task-19' coro=<Page.goto() done, defined at /home/dashrs/projects/amazon-price-tracker-scraping/.venv/lib/python3.13/site-packages/playwright/_impl/_page.py:545> wait_for=<Future pending cb=[Task.task_wakeup()]> cb=[SyncBase._sync.<locals>.<lambda>() at /home/dashrs/projects/amazon-price-tracker-scraping/.venv/lib/python3.13/site-packages/playwright/_impl/_sync_base.py:111, ProtocolCallback.__init__.<locals>.cb() at /home/dashrs/projects/amazon-price-tracker-scraping/.venv/lib/python3.13/site-packages/playwright/_impl/_connection.py:230]>
2026-04-09 13:01:41 [ERROR] Task was destroyed but it is pending!
task: <Task pending name='Task-21' coro=<Browser.close() running at /home/dashrs/projects/amazon-price-tracker-scraping/.venv/lib/python3.13/site-packages/playwright/_impl/_browser.py:232> cb=[SyncBase._sync.<locals>.<lambda>() at /home/dashrs/projects/amazon-price-tracker-scraping/.venv/lib/python3.13/site-packages/playwright/_impl/_sync_base.py:111]>
2026-04-09 13:01:41 [ERROR] Task was destroyed but it is pending!
task: <Task pending name='Task-20' coro=<Page.close() running at /home/dashrs/projects/amazon-price-tracker-scraping/.venv/lib/python3.13/site-packages/playwright/_impl/_page.py:826> cb=[SyncBase._sync.<locals>.<lambda>() at /home/dashrs/projects/amazon-price-tracker-scraping/.venv/lib/python3.13/site-packages/playwright/_impl/_sync_base.py:111]>
2026-04-09 13:01:43 [INFO] === Scraper started ===
2026-04-09 13:01:43 [INFO] Tracking 7 URLs, polling every 30 minutes
2026-04-09 13:01:43 [INFO] ==================================================
2026-04-09 13:01:43 [INFO] Starting scrape cycle — 7 URLs
2026-04-09 13:01:43 [INFO] ==================================================
2026-04-09 13:01:44 [INFO] Browser opened (headful, 1920x1080, en-US)
2026-04-09 13:01:44 [INFO] [warmup] Starting session warmup...
2026-04-09 13:01:45 [INFO] [warmup] Visiting Amazon homepage...
2026-04-09 13:01:57 [INFO] [warmup] Homepage visited
2026-04-09 13:01:57 [INFO] [warmup] Opening new tab: https://www.amazon.com/s?k=thigh+high+socks
2026-04-09 13:02:15 [INFO] [warmup] Closing tab: https://www.amazon.com/s?k=thigh+high+socks
2026-04-09 13:02:18 [INFO] [warmup] Opening new tab: https://www.amazon.com/Best-Sellers-womens-Fashion/zgbs/fashion
2026-04-09 13:02:39 [INFO] [warmup] Closing tab: https://www.amazon.com/Best-Sellers-womens-Fashion/zgbs/fashion
2026-04-09 13:02:42 [INFO] [warmup] Opening new tab: https://www.amazon.com/s?k=cosplay+costume
2026-04-09 13:03:00 [INFO] [warmup] Closing tab: https://www.amazon.com/s?k=cosplay+costume
2026-04-09 13:03:01 [INFO] [warmup] Session warmup complete — starting product scraping
2026-04-09 13:03:02 [INFO] [B074TDRF5B] Attempt 1/3 — navigating...
2026-04-09 13:03:09 [INFO] Interstitial: button not found on this page
2026-04-09 13:03:13 [INFO] [B074TDRF5B] Waiting for price element...
2026-04-09 13:03:13 [INFO] [B074TDRF5B] ✓ Price: $27.15
2026-04-09 13:03:13 [INFO] Waiting 4.6s before next page...
2026-04-09 13:03:17 [INFO] [B0CT2N8L5F] Attempt 1/3 — navigating...
2026-04-09 13:03:22 [INFO] Interstitial: button not found on this page
2026-04-09 13:07:29 [ERROR] Task was destroyed but it is pending!
task: <Task pending name='Task-103' coro=<Browser.close() running at /home/dashrs/projects/amazon-price-tracker-scraping/.venv/lib/python3.13/site-packages/playwright/_impl/_browser.py:232> cb=[SyncBase._sync.<locals>.<lambda>() at /home/dashrs/projects/amazon-price-tracker-scraping/.venv/lib/python3.13/site-packages/playwright/_impl/_sync_base.py:111]>
2026-04-09 13:07:29 [ERROR] Task was destroyed but it is pending!
task: <Task pending name='Task-102' coro=<Mouse.move() done, defined at /home/dashrs/projects/amazon-price-tracker-scraping/.venv/lib/python3.13/site-packages/playwright/_impl/_input.py:47> wait_for=<Future pending cb=[Task.task_wakeup()]> cb=[SyncBase._sync.<locals>.<lambda>() at /home/dashrs/projects/amazon-price-tracker-scraping/.venv/lib/python3.13/site-packages/playwright/_impl/_sync_base.py:111, ProtocolCallback.__init__.<locals>.cb() at /home/dashrs/projects/amazon-price-tracker-scraping/.venv/lib/python3.13/site-packages/playwright/_impl/_connection.py:230]>
2026-04-09 13:07:32 [INFO] === Scraper started ===
2026-04-09 13:07:32 [INFO] Tracking 8 URLs, polling every 30 minutes
2026-04-09 13:07:32 [INFO] ==================================================
2026-04-09 13:07:32 [INFO] Starting scrape cycle — 8 URLs
2026-04-09 13:07:32 [INFO] ==================================================
2026-04-09 13:07:33 [INFO] Browser opened (headful, 1920x1080, en-US)
2026-04-09 13:07:33 [INFO] [warmup] Starting session warmup...
2026-04-09 13:07:34 [INFO] [warmup] Visiting Amazon homepage...
2026-04-09 13:07:44 [INFO] [warmup] Homepage visited
2026-04-09 13:07:44 [INFO] [warmup] Opening new tab: https://www.amazon.com/s?k=thigh+high+socks
2026-04-09 13:07:58 [INFO] [warmup] Closing tab: https://www.amazon.com/s?k=thigh+high+socks
2026-04-09 13:08:00 [INFO] [warmup] Opening new tab: https://www.amazon.com/Best-Sellers-womens-Fashion/zgbs/fashion
2026-04-09 13:08:15 [INFO] [warmup] Closing tab: https://www.amazon.com/Best-Sellers-womens-Fashion/zgbs/fashion
2026-04-09 13:08:17 [INFO] [warmup] Session warmup complete — starting product scraping
2026-04-09 13:08:17 [INFO] [B074TDRF5B] Attempt 1/3 — navigating...
2026-04-09 13:08:28 [INFO] Interstitial: clicked 'Continue shopping' via JS
2026-04-09 13:08:34 [INFO] [B074TDRF5B] Waiting for price element...
2026-04-09 13:08:35 [INFO] [B074TDRF5B] ✓ Price: $11.44
2026-04-09 13:08:35 [INFO] Waiting 3.6s before next page...
2026-04-09 13:08:39 [INFO] [B0GJ5GCZMC] Attempt 1/3 — navigating...
2026-04-09 13:08:44 [INFO] Interstitial: button not found on this page
2026-04-09 13:08:46 [INFO] [B0GJ5GCZMC] Waiting for price element...
2026-04-09 13:08:46 [INFO] [B0GJ5GCZMC] ✓ Price: $38.16
2026-04-09 13:08:46 [INFO] Waiting 4.5s before next page...
2026-04-09 13:08:51 [INFO] [B0CT2N8L5F] Attempt 1/3 — navigating...
2026-04-09 13:08:56 [INFO] Interstitial: button not found on this page
2026-04-09 13:08:58 [INFO] [B0CT2N8L5F] Waiting for price element...
2026-04-09 13:08:58 [INFO] [B0CT2N8L5F] ✓ Price: $85.23
2026-04-09 13:08:58 [INFO] Waiting 4.8s before next page...
2026-04-09 13:09:03 [INFO] [B07Z8ZBXPH] Attempt 1/3 — navigating...
2026-04-09 13:09:09 [INFO] Interstitial: button not found on this page
2026-04-09 13:09:11 [INFO] [B07Z8ZBXPH] Waiting for price element...
2026-04-09 13:09:11 [INFO] [B07Z8ZBXPH] ✓ Price: $57.24
2026-04-09 13:09:11 [INFO] Waiting 4.6s before next page...
2026-04-09 13:09:16 [INFO] [B0FPCNKT9X] Attempt 1/3 — navigating...
2026-04-09 13:09:21 [INFO] Interstitial: button not found on this page
2026-04-09 13:09:24 [INFO] [B0FPCNKT9X] Waiting for price element...
2026-04-09 13:09:24 [INFO] [B0FPCNKT9X] ✓ Price: $48.33
2026-04-09 13:09:24 [INFO] Waiting 4.8s before next page...
2026-04-09 13:09:29 [INFO] [B07NV4JGTG] Attempt 1/3 — navigating...
2026-04-09 13:09:34 [INFO] Interstitial: button not found on this page
2026-04-09 13:09:34 [WARNING] [B07NV4JGTG] Bot detection page (secure transaction, no cart) — applying human behavior and retrying.
2026-04-09 13:09:37 [ERROR] [B07NV4JGTG] Attempt 1 failed: Bot page detected
2026-04-09 13:09:37 [INFO] [B07NV4JGTG] Retrying in 5s...
2026-04-09 13:09:42 [INFO] [B07NV4JGTG] Attempt 2/3 — navigating...
2026-04-09 13:09:47 [INFO] Interstitial: button not found on this page
2026-04-09 13:09:47 [WARNING] [B07NV4JGTG] Bot detection page (secure transaction, no cart) — applying human behavior and retrying.
2026-04-09 13:09:50 [ERROR] [B07NV4JGTG] Attempt 2 failed: Bot page detected
2026-04-09 13:09:50 [INFO] [B07NV4JGTG] Retrying in 15s...
2026-04-09 13:10:05 [INFO] [B07NV4JGTG] Attempt 3/3 — navigating...
2026-04-09 13:10:11 [INFO] Interstitial: button not found on this page
2026-04-09 13:10:11 [WARNING] [B07NV4JGTG] Bot detection page (secure transaction, no cart) — applying human behavior and retrying.
2026-04-09 13:10:13 [ERROR] [B07NV4JGTG] Attempt 3 failed: Bot page detected
2026-04-09 13:10:13 [ERROR] [B07NV4JGTG] All 3 attempts failed — giving up this cycle.
2026-04-09 13:10:13 [INFO] Waiting 3.5s before next page...
2026-04-09 13:10:17 [INFO] [B0FCMM85GN] Attempt 1/3 — navigating...
2026-04-09 13:10:21 [INFO] Interstitial: button not found on this page
2026-04-09 13:10:25 [INFO] [B0FCMM85GN] Waiting for price element...
2026-04-09 13:10:25 [INFO] [B0FCMM85GN] ✓ Price: $64.87
2026-04-09 13:10:25 [INFO] Waiting 3.2s before next page...
2026-04-09 13:10:28 [INFO] [B0FCMM85GN] Attempt 1/3 — navigating...
2026-04-09 13:10:33 [INFO] Interstitial: button not found on this page
2026-04-09 13:10:36 [INFO] [B0FCMM85GN] Waiting for price element...
2026-04-09 13:10:36 [INFO] [B0FCMM85GN] ✓ Price: $64.87
2026-04-09 13:10:36 [INFO] Waiting 4.2s before next page...
2026-04-09 13:10:40 [INFO] Browser closing
2026-04-09 13:10:40 [INFO] Cycle complete — 7 succeeded, 1 failed out of 8
2026-04-09 13:10:40 [INFO] Sleeping 30 minutes until next cycle...
2026-04-09 13:12:16 [INFO] === Scraper started ===
2026-04-09 13:12:16 [INFO] Tracking 7 URLs, polling every 30 minutes
2026-04-09 13:12:16 [INFO] ==================================================
2026-04-09 13:12:16 [INFO] Starting scrape cycle — 7 URLs
2026-04-09 13:12:16 [INFO] ==================================================
2026-04-09 13:12:16 [INFO] Browser opened (headful, 1920x1080, en-US)
2026-04-09 13:12:16 [INFO] [warmup] Starting session warmup...
2026-04-09 13:12:17 [INFO] [warmup] Visiting Amazon homepage...
2026-04-09 13:12:26 [INFO] [warmup] Homepage visited
2026-04-09 13:12:26 [INFO] [warmup] Opening new tab: https://www.amazon.com/s?k=anime+clothing
2026-04-09 13:12:31 [WARNING] Interstitial page detected — attempting to click through...
2026-04-09 13:12:40 [WARNING] Could not click Continue shopping button — selector not matched
2026-04-09 13:12:44 [INFO] Clicked through interstitial successfully
2026-04-09 13:12:54 [INFO] [warmup] Closing tab: https://www.amazon.com/s?k=anime+clothing
2026-04-09 13:12:56 [INFO] [warmup] Opening new tab: https://www.amazon.com/deals
2026-04-09 13:13:11 [INFO] [warmup] Closing tab: https://www.amazon.com/deals
2026-04-09 13:13:14 [INFO] [warmup] Session warmup complete — starting product scraping
2026-04-09 13:13:14 [INFO] [B0FPCNKT9X] Attempt 1/3 — navigating...
2026-04-09 13:13:24 [INFO] [B0FPCNKT9X] Waiting for price element...
2026-04-09 13:13:44 [WARNING] [B0FPCNKT9X] Element found but no price text inside — page may have loaded incomplete.
2026-04-09 13:13:44 [ERROR] [B0FPCNKT9X] Attempt 1 failed: Price text missing from element
2026-04-09 13:13:44 [INFO] [B0FPCNKT9X] Retrying in 5s...
2026-04-09 13:13:49 [INFO] [B0FPCNKT9X] Attempt 2/3 — navigating...
2026-04-09 13:13:58 [INFO] [B0FPCNKT9X] Waiting for price element...
2026-04-09 13:13:58 [WARNING] [B0FPCNKT9X] Element found but no price text inside — page may have loaded incomplete.
2026-04-09 13:13:58 [ERROR] [B0FPCNKT9X] Attempt 2 failed: Price text missing from element
2026-04-09 13:13:58 [INFO] [B0FPCNKT9X] Retrying in 15s...
2026-04-09 13:14:13 [INFO] [B0FPCNKT9X] Attempt 3/3 — navigating...
2026-04-09 13:14:22 [INFO] [B0FPCNKT9X] Waiting for price element...
2026-04-09 13:14:22 [WARNING] [B0FPCNKT9X] Element found but no price text inside — page may have loaded incomplete.
2026-04-09 13:14:22 [ERROR] [B0FPCNKT9X] Attempt 3 failed: Price text missing from element
2026-04-09 13:14:22 [ERROR] [B0FPCNKT9X] All 3 attempts failed — giving up this cycle.
2026-04-09 13:14:22 [INFO] Waiting 3.6s before next page...
2026-04-09 13:14:26 [INFO] [B07NV4JGTG] Attempt 1/3 — navigating...
2026-04-09 13:14:32 [WARNING] [B07NV4JGTG] Bot detection page (secure transaction, no cart) — applying human behavior and retrying.
2026-04-09 13:14:35 [ERROR] [B07NV4JGTG] Attempt 1 failed: Bot page detected
2026-04-09 13:14:35 [INFO] [B07NV4JGTG] Retrying in 5s...
2026-04-09 13:14:40 [INFO] [B07NV4JGTG] Attempt 2/3 — navigating...
2026-04-09 13:14:44 [WARNING] [B07NV4JGTG] Bot detection page (secure transaction, no cart) — applying human behavior and retrying.
2026-04-09 13:14:47 [ERROR] [B07NV4JGTG] Attempt 2 failed: Bot page detected
2026-04-09 13:14:47 [INFO] [B07NV4JGTG] Retrying in 15s...
2026-04-09 13:15:02 [INFO] [B07NV4JGTG] Attempt 3/3 — navigating...
2026-04-09 13:15:07 [WARNING] [B07NV4JGTG] Bot detection page (secure transaction, no cart) — applying human behavior and retrying.
2026-04-09 13:15:10 [ERROR] [B07NV4JGTG] Attempt 3 failed: Bot page detected
2026-04-09 13:15:10 [ERROR] [B07NV4JGTG] All 3 attempts failed — giving up this cycle.
2026-04-09 13:15:10 [INFO] Waiting 4.5s before next page...
2026-04-09 13:15:14 [INFO] [B074TDRF5B] Attempt 1/3 — navigating...
2026-04-09 13:15:21 [INFO] [B074TDRF5B] Waiting for price element...
2026-04-09 13:15:21 [INFO] [B074TDRF5B] ✓ Price: $27.15
2026-04-09 13:15:21 [INFO] Waiting 2.4s before next page...
2026-04-09 13:15:24 [INFO] [B07Z8ZBXPH] Attempt 1/3 — navigating...
2026-04-09 13:15:32 [INFO] [B07Z8ZBXPH] Waiting for price element...
2026-04-09 13:15:32 [WARNING] [B07Z8ZBXPH] Element found but no price text inside — page may have loaded incomplete.
2026-04-09 13:15:32 [ERROR] [B07Z8ZBXPH] Attempt 1 failed: Price text missing from element
2026-04-09 13:15:32 [INFO] [B07Z8ZBXPH] Retrying in 5s...
2026-04-09 13:15:37 [INFO] [B07Z8ZBXPH] Attempt 2/3 — navigating...
2026-04-09 13:15:44 [INFO] [B07Z8ZBXPH] Waiting for price element...
2026-04-09 13:15:45 [WARNING] [B07Z8ZBXPH] Element found but no price text inside — page may have loaded incomplete.
2026-04-09 13:15:45 [ERROR] [B07Z8ZBXPH] Attempt 2 failed: Price text missing from element
2026-04-09 13:15:45 [INFO] [B07Z8ZBXPH] Retrying in 15s...
2026-04-09 13:16:00 [INFO] [B07Z8ZBXPH] Attempt 3/3 — navigating...
2026-04-09 13:16:07 [INFO] [B07Z8ZBXPH] Waiting for price element...
2026-04-09 13:16:07 [INFO] [B07Z8ZBXPH] ✓ Price: $44.99
2026-04-09 13:16:07 [INFO] Waiting 2.1s before next page...
2026-04-09 13:16:09 [INFO] [B0FCMM85GN] Attempt 1/3 — navigating...
2026-04-09 13:16:17 [INFO] [B0FCMM85GN] Waiting for price element...
2026-04-09 13:16:17 [INFO] [B0FCMM85GN] ✓ Price: $50.99
2026-04-09 13:16:17 [INFO] Waiting 2.7s before next page...
2026-04-09 13:16:20 [INFO] [B0GJ5GCZMC] Attempt 1/3 — navigating...
2026-04-09 13:16:29 [INFO] [B0GJ5GCZMC] Waiting for price element...
2026-04-09 13:16:29 [INFO] [B0GJ5GCZMC] ✓ Price: $29.99
2026-04-09 13:16:29 [INFO] Waiting 3.2s before next page...
2026-04-09 13:16:32 [INFO] [B0CT2N8L5F] Attempt 1/3 — navigating...
2026-04-09 13:16:41 [INFO] [B0CT2N8L5F] Waiting for price element...
2026-04-09 13:16:42 [INFO] [B0CT2N8L5F] ✓ Price: $66.99
2026-04-09 13:16:42 [INFO] Waiting 3.4s before next page...
2026-04-09 13:16:45 [INFO] Browser closing
2026-04-09 13:16:45 [INFO] Cycle complete — 5 succeeded, 2 failed out of 7
2026-04-09 13:16:45 [INFO] Sleeping 30 minutes until next cycle...
2026-04-09 13:17:50 [INFO] === Scraper started ===
2026-04-09 13:17:50 [INFO] Tracking 7 URLs, polling every 30 minutes
2026-04-09 13:17:50 [INFO] ==================================================
2026-04-09 13:17:50 [INFO] Starting scrape cycle — 7 URLs
2026-04-09 13:17:50 [INFO] ==================================================
2026-04-09 13:17:51 [INFO] Browser opened (headful, 1920x1080, en-US)
2026-04-09 13:17:51 [INFO] [warmup] Starting session warmup...
2026-04-09 13:17:51 [INFO] [warmup] Visiting Amazon homepage...
2026-04-09 13:18:00 [INFO] [warmup] Homepage visited
2026-04-09 13:18:00 [INFO] [warmup] Opening new tab: https://www.amazon.com/Best-Sellers-womens-Fashion/zgbs/fashion
2026-04-09 13:18:15 [INFO] [warmup] Closing tab: https://www.amazon.com/Best-Sellers-womens-Fashion/zgbs/fashion
2026-04-09 13:18:17 [INFO] [warmup] Opening new tab: https://www.amazon.com/s?k=thigh+high+socks
2026-04-09 13:18:21 [WARNING] Interstitial page detected — attempting to click through...
2026-04-09 13:18:30 [WARNING] Could not click Continue shopping button — selector not matched
2026-04-09 13:18:32 [INFO] Clicked through interstitial successfully
2026-04-09 13:18:40 [INFO] [warmup] Closing tab: https://www.amazon.com/s?k=thigh+high+socks
2026-04-09 13:18:42 [INFO] [warmup] Opening new tab: https://www.amazon.com/s?k=anime+clothing
2026-04-09 13:18:46 [WARNING] Interstitial page detected — attempting to click through...
2026-04-09 13:18:55 [WARNING] Could not click Continue shopping button — selector not matched
2026-04-09 13:18:59 [INFO] Clicked through interstitial successfully
2026-04-09 13:19:06 [INFO] [warmup] Closing tab: https://www.amazon.com/s?k=anime+clothing
2026-04-09 13:19:08 [INFO] [warmup] Session warmup complete — starting product scraping
2026-04-09 13:19:08 [INFO] [B0FPCNKT9X] Attempt 1/3 — navigating...
2026-04-09 13:19:17 [INFO] [B0FPCNKT9X] Waiting for price element...
2026-04-09 13:19:34 [WARNING] [B0FPCNKT9X] Element found but no price text inside — page may have loaded incomplete.
2026-04-09 13:19:34 [ERROR] [B0FPCNKT9X] Attempt 1 failed: Price text missing from element
2026-04-09 13:19:34 [INFO] [B0FPCNKT9X] Retrying in 5s...
2026-04-09 13:19:39 [INFO] [B0FPCNKT9X] Attempt 2/3 — navigating...
2026-04-09 13:19:46 [INFO] [B0FPCNKT9X] Waiting for price element...
2026-04-09 13:20:16 [WARNING] [B0FPCNKT9X] Price element did not appear within timeout.
2026-04-09 13:20:16 [ERROR] [B0FPCNKT9X] Attempt 2 failed: Price element timeout
2026-04-09 13:20:16 [INFO] [B0FPCNKT9X] Retrying in 15s...
2026-04-09 13:20:31 [INFO] [B0FPCNKT9X] Attempt 3/3 — navigating...
2026-04-09 13:20:38 [INFO] [B0FPCNKT9X] Waiting for price element...
2026-04-09 13:21:08 [WARNING] [B0FPCNKT9X] Price element did not appear within timeout.
2026-04-09 13:21:09 [ERROR] [B0FPCNKT9X] Attempt 3 failed: Price element timeout
2026-04-09 13:21:09 [ERROR] [B0FPCNKT9X] All 3 attempts failed — giving up this cycle.
2026-04-09 13:21:09 [INFO] Waiting 5.0s before next page...
2026-04-09 13:21:14 [INFO] [B0FCMM85GN] Attempt 1/3 — navigating...
2026-04-09 13:21:20 [INFO] [B0FCMM85GN] Waiting for price element...
2026-04-09 13:21:50 [WARNING] [B0FCMM85GN] Price element did not appear within timeout.
2026-04-09 13:21:50 [ERROR] [B0FCMM85GN] Attempt 1 failed: Price element timeout
2026-04-09 13:21:50 [INFO] [B0FCMM85GN] Retrying in 5s...
2026-04-09 13:21:55 [INFO] [B0FCMM85GN] Attempt 2/3 — navigating...
2026-04-09 13:22:02 [INFO] [B0FCMM85GN] Waiting for price element...
2026-04-09 13:22:32 [WARNING] [B0FCMM85GN] Price element did not appear within timeout.
2026-04-09 13:22:32 [ERROR] [B0FCMM85GN] Attempt 2 failed: Price element timeout
2026-04-09 13:22:32 [INFO] [B0FCMM85GN] Retrying in 15s...
2026-04-09 13:22:47 [INFO] [B0FCMM85GN] Attempt 3/3 — navigating...
2026-04-09 13:22:54 [INFO] [B0FCMM85GN] Waiting for price element...
2026-04-09 13:23:24 [WARNING] [B0FCMM85GN] Price element did not appear within timeout.
2026-04-09 13:23:24 [ERROR] [B0FCMM85GN] Attempt 3 failed: Price element timeout
2026-04-09 13:23:24 [ERROR] [B0FCMM85GN] All 3 attempts failed — giving up this cycle.
2026-04-09 13:23:24 [INFO] Waiting 4.5s before next page...
2026-04-09 13:23:28 [INFO] [B0GJ5GCZMC] Attempt 1/3 — navigating...
2026-04-09 13:23:34 [INFO] [B0GJ5GCZMC] Waiting for price element...
2026-04-09 13:24:04 [WARNING] [B0GJ5GCZMC] Price element did not appear within timeout.
2026-04-09 13:24:04 [ERROR] [B0GJ5GCZMC] Attempt 1 failed: Price element timeout
2026-04-09 13:24:04 [INFO] [B0GJ5GCZMC] Retrying in 5s...
2026-04-09 13:24:09 [INFO] [B0GJ5GCZMC] Attempt 2/3 — navigating...
2026-04-09 13:24:16 [INFO] [B0GJ5GCZMC] Waiting for price element...
2026-04-09 13:24:46 [WARNING] [B0GJ5GCZMC] Price element did not appear within timeout.
2026-04-09 13:24:46 [ERROR] [B0GJ5GCZMC] Attempt 2 failed: Price element timeout
2026-04-09 13:24:46 [INFO] [B0GJ5GCZMC] Retrying in 15s...
2026-04-09 13:25:01 [INFO] [B0GJ5GCZMC] Attempt 3/3 — navigating...
2026-04-09 13:25:08 [INFO] [B0GJ5GCZMC] Waiting for price element...
2026-04-09 13:25:38 [WARNING] [B0GJ5GCZMC] Price element did not appear within timeout.
2026-04-09 13:25:38 [ERROR] [B0GJ5GCZMC] Attempt 3 failed: Price element timeout
2026-04-09 13:25:38 [ERROR] [B0GJ5GCZMC] All 3 attempts failed — giving up this cycle.
2026-04-09 13:25:38 [INFO] Waiting 4.1s before next page...
2026-04-09 13:25:42 [INFO] [B07Z8ZBXPH] Attempt 1/3 — navigating...
2026-04-09 13:25:49 [INFO] [B07Z8ZBXPH] Waiting for price element...
2026-04-09 13:26:19 [WARNING] [B07Z8ZBXPH] Price element did not appear within timeout.
2026-04-09 13:26:19 [ERROR] [B07Z8ZBXPH] Attempt 1 failed: Price element timeout
2026-04-09 13:26:19 [INFO] [B07Z8ZBXPH] Retrying in 5s...
2026-04-09 13:26:24 [INFO] [B07Z8ZBXPH] Attempt 2/3 — navigating...
2026-04-09 13:26:30 [INFO] [B07Z8ZBXPH] Waiting for price element...
2026-04-09 13:27:00 [WARNING] [B07Z8ZBXPH] Price element did not appear within timeout.
2026-04-09 13:27:00 [ERROR] [B07Z8ZBXPH] Attempt 2 failed: Price element timeout
2026-04-09 13:27:00 [INFO] [B07Z8ZBXPH] Retrying in 15s...
2026-04-09 13:27:15 [INFO] [B07Z8ZBXPH] Attempt 3/3 — navigating...
2026-04-09 13:27:23 [INFO] [B07Z8ZBXPH] Waiting for price element...
2026-04-09 13:27:53 [WARNING] [B07Z8ZBXPH] Price element did not appear within timeout.
2026-04-09 13:27:53 [ERROR] [B07Z8ZBXPH] Attempt 3 failed: Price element timeout
2026-04-09 13:27:53 [ERROR] [B07Z8ZBXPH] All 3 attempts failed — giving up this cycle.
2026-04-09 13:27:53 [INFO] Waiting 3.7s before next page...
2026-04-09 13:27:56 [INFO] [B0CT2N8L5F] Attempt 1/3 — navigating...
2026-04-09 13:28:06 [INFO] [B0CT2N8L5F] Waiting for price element...
2026-04-09 13:28:36 [WARNING] [B0CT2N8L5F] Price element did not appear within timeout.
2026-04-09 13:28:36 [ERROR] [B0CT2N8L5F] Attempt 1 failed: Price element timeout
2026-04-09 13:28:36 [INFO] [B0CT2N8L5F] Retrying in 5s...
2026-04-09 13:28:41 [INFO] [B0CT2N8L5F] Attempt 2/3 — navigating...
2026-04-09 13:28:45 [ERROR] Task was destroyed but it is pending!
task: <Task pending name='Task-263' coro=<Page.wait_for_timeout() done, defined at /home/dashrs/projects/amazon-price-tracker-scraping/.venv/lib/python3.13/site-packages/playwright/_impl/_page.py:1100> wait_for=<Future pending cb=[Task.task_wakeup()]> cb=[SyncBase._sync.<locals>.<lambda>() at /home/dashrs/projects/amazon-price-tracker-scraping/.venv/lib/python3.13/site-packages/playwright/_impl/_sync_base.py:111, ProtocolCallback.__init__.<locals>.cb() at /home/dashrs/projects/amazon-price-tracker-scraping/.venv/lib/python3.13/site-packages/playwright/_impl/_connection.py:230]>
2026-04-09 13:28:45 [ERROR] Task was destroyed but it is pending!
task: <Task pending name='Task-264' coro=<Browser.close() running at /home/dashrs/projects/amazon-price-tracker-scraping/.venv/lib/python3.13/site-packages/playwright/_impl/_browser.py:232> cb=[SyncBase._sync.<locals>.<lambda>() at /home/dashrs/projects/amazon-price-tracker-scraping/.venv/lib/python3.13/site-packages/playwright/_impl/_sync_base.py:111]>
2026-04-09 13:28:48 [INFO] === Scraper started ===
2026-04-09 13:28:48 [INFO] Tracking 7 URLs, polling every 30 minutes
2026-04-09 13:28:48 [INFO] ==================================================
2026-04-09 13:28:48 [INFO] Starting scrape cycle — 7 URLs
2026-04-09 13:28:48 [INFO] ==================================================
2026-04-09 13:28:49 [INFO] Browser opened (headful, 1920x1080, en-US)
2026-04-09 13:28:49 [INFO] [warmup] Starting session warmup...
2026-04-09 13:28:49 [INFO] [warmup] Visiting Amazon homepage...
2026-04-09 13:29:01 [INFO] [warmup] Homepage visited
2026-04-09 13:29:01 [INFO] [warmup] Opening new tab: https://www.amazon.com/s?k=cosplay+costume
2026-04-09 13:29:05 [WARNING] Interstitial page detected — attempting to click through...
2026-04-09 13:29:14 [WARNING] Could not click Continue shopping button — selector not matched
2026-04-09 13:29:17 [INFO] Clicked through interstitial successfully
2026-04-09 13:29:25 [INFO] [warmup] Closing tab: https://www.amazon.com/s?k=cosplay+costume
2026-04-09 13:29:27 [INFO] [warmup] Opening new tab: https://www.amazon.com/s?k=women+fashion
2026-04-09 13:29:31 [WARNING] Interstitial page detected — attempting to click through...
2026-04-09 13:29:40 [WARNING] Could not click Continue shopping button — selector not matched
2026-04-09 13:29:43 [INFO] Clicked through interstitial successfully
2026-04-09 13:29:51 [INFO] [warmup] Closing tab: https://www.amazon.com/s?k=women+fashion
2026-04-09 13:29:53 [INFO] [warmup] Session warmup complete — starting product scraping
2026-04-09 13:29:53 [INFO] [B07NV4JGTG] Attempt 1/3 — navigating...
2026-04-09 13:30:02 [INFO] [B07NV4JGTG] Waiting for price element...
2026-04-09 13:30:06 [WARNING] [B07NV4JGTG] Element found but no price text inside — page may have loaded incomplete.
2026-04-09 13:30:06 [ERROR] [B07NV4JGTG] Attempt 1 failed: Price text missing from element
2026-04-09 13:30:06 [INFO] [B07NV4JGTG] Retrying in 5s...
2026-04-09 13:30:11 [INFO] [B07NV4JGTG] Attempt 2/3 — navigating...
2026-04-09 13:30:18 [INFO] [B07NV4JGTG] Waiting for price element...
2026-04-09 13:30:18 [INFO] [B07NV4JGTG] ✓ Price: $5.49
2026-04-09 13:30:18 [INFO] Waiting 3.0s before next page...
2026-04-09 13:30:21 [INFO] [B07Z8ZBXPH] Attempt 1/3 — navigating...
2026-04-09 13:30:29 [INFO] [B07Z8ZBXPH] Waiting for price element...
2026-04-09 13:30:29 [INFO] [B07Z8ZBXPH] ✓ Price: $29.99
2026-04-09 13:30:29 [INFO] Waiting 3.5s before next page...
2026-04-09 13:30:33 [INFO] [B0GJ5GCZMC] Attempt 1/3 — navigating...
2026-04-09 13:30:40 [INFO] [B0GJ5GCZMC] Waiting for price element...
2026-04-09 13:30:41 [INFO] [B0GJ5GCZMC] ✓ Price: $29.99
2026-04-09 13:30:41 [INFO] Waiting 4.9s before next page...
2026-04-09 13:30:45 [INFO] [B074TDRF5B] Attempt 1/3 — navigating...
2026-04-09 13:30:53 [INFO] [B074TDRF5B] Waiting for price element...
2026-04-09 13:30:53 [INFO] [B074TDRF5B] ✓ Price: $8.99
2026-04-09 13:30:53 [INFO] Waiting 4.4s before next page...
2026-04-09 13:30:58 [INFO] [B0FPCNKT9X] Attempt 1/3 — navigating...
2026-04-09 13:31:05 [INFO] [B0FPCNKT9X] Waiting for price element...
2026-04-09 13:31:06 [INFO] [B0FPCNKT9X] ✓ Price: $37.99
2026-04-09 13:31:06 [INFO] Waiting 2.6s before next page...
2026-04-09 13:31:08 [INFO] [B0CT2N8L5F] Attempt 1/3 — navigating...
2026-04-09 13:31:17 [INFO] [B0CT2N8L5F] Waiting for price element...
2026-04-09 13:31:17 [INFO] [B0CT2N8L5F] ✓ Price: $66.99
2026-04-09 13:31:17 [INFO] Waiting 2.6s before next page...
2026-04-09 13:31:20 [INFO] [B0FCMM85GN] Attempt 1/3 — navigating...
2026-04-09 13:31:31 [ERROR] Task was destroyed but it is pending!
task: <Task pending name='Task-164' coro=<Page.goto() done, defined at /home/dashrs/projects/amazon-price-tracker-scraping/.venv/lib/python3.13/site-packages/playwright/_impl/_page.py:545> wait_for=<Future pending cb=[Task.task_wakeup()]> cb=[SyncBase._sync.<locals>.<lambda>() at /home/dashrs/projects/amazon-price-tracker-scraping/.venv/lib/python3.13/site-packages/playwright/_impl/_sync_base.py:111, ProtocolCallback.__init__.<locals>.cb() at /home/dashrs/projects/amazon-price-tracker-scraping/.venv/lib/python3.13/site-packages/playwright/_impl/_connection.py:230]>
2026-04-09 13:31:31 [ERROR] Task was destroyed but it is pending!
task: <Task pending name='Task-165' coro=<Browser.close() running at /home/dashrs/projects/amazon-price-tracker-scraping/.venv/lib/python3.13/site-packages/playwright/_impl/_browser.py:232> cb=[SyncBase._sync.<locals>.<lambda>() at /home/dashrs/projects/amazon-price-tracker-scraping/.venv/lib/python3.13/site-packages/playwright/_impl/_sync_base.py:111]>
2026-04-09 13:32:33 [INFO] === Scraper started ===
2026-04-09 13:32:33 [INFO] Tracking 7 URLs, polling every 30 minutes
2026-04-09 13:32:33 [INFO] ==================================================
2026-04-09 13:32:33 [INFO] Starting scrape cycle — 7 URLs
2026-04-09 13:32:33 [INFO] ==================================================
2026-04-09 13:32:34 [INFO] Browser opened (headful, 1920x1080, en-US)
2026-04-09 13:32:34 [INFO] [warmup] Starting session warmup...
2026-04-09 13:32:35 [INFO] [warmup] Visiting Amazon homepage...
2026-04-09 13:32:46 [INFO] [warmup] Homepage visited
2026-04-09 13:32:46 [INFO] [warmup] Searching for: 'anime clothing women'
2026-04-09 13:33:10 [INFO] [warmup] Done browsing search results for: 'anime clothing women'
2026-04-09 13:33:13 [INFO] [warmup] Searching for: 'cosplay costume'
2026-04-09 13:35:05 [ERROR] Task was destroyed but it is pending!
task: <Task pending name='Task-86' coro=<Page.close() running at /home/dashrs/projects/amazon-price-tracker-scraping/.venv/lib/python3.13/site-packages/playwright/_impl/_page.py:826> cb=[SyncBase._sync.<locals>.<lambda>() at /home/dashrs/projects/amazon-price-tracker-scraping/.venv/lib/python3.13/site-packages/playwright/_impl/_sync_base.py:111]>
2026-04-09 13:35:05 [ERROR] Task was destroyed but it is pending!
task: <Task pending name='Task-87' coro=<Browser.close() running at /home/dashrs/projects/amazon-price-tracker-scraping/.venv/lib/python3.13/site-packages/playwright/_impl/_browser.py:232> cb=[SyncBase._sync.<locals>.<lambda>() at /home/dashrs/projects/amazon-price-tracker-scraping/.venv/lib/python3.13/site-packages/playwright/_impl/_sync_base.py:111]>
2026-04-09 13:35:05 [ERROR] Task was destroyed but it is pending!
task: <Task pending name='Task-85' coro=<Page.click() done, defined at /home/dashrs/projects/amazon-price-tracker-scraping/.venv/lib/python3.13/site-packages/playwright/_impl/_page.py:840> wait_for=<Future pending cb=[Task.task_wakeup()]> cb=[SyncBase._sync.<locals>.<lambda>() at /home/dashrs/projects/amazon-price-tracker-scraping/.venv/lib/python3.13/site-packages/playwright/_impl/_sync_base.py:111, ProtocolCallback.__init__.<locals>.cb() at /home/dashrs/projects/amazon-price-tracker-scraping/.venv/lib/python3.13/site-packages/playwright/_impl/_connection.py:230]>
2026-04-09 13:35:08 [INFO] === Scraper started ===
2026-04-09 13:35:08 [INFO] Tracking 7 URLs, polling every 30 minutes
2026-04-09 13:35:08 [INFO] ==================================================
2026-04-09 13:35:08 [INFO] Starting scrape cycle — 7 URLs
2026-04-09 13:35:08 [INFO] ==================================================
2026-04-09 13:35:09 [INFO] Browser opened (headful, 1920x1080, en-US)
2026-04-09 13:35:09 [INFO] [warmup] Starting session warmup...
2026-04-09 13:35:09 [INFO] [warmup] Visiting Amazon homepage...
2026-04-09 13:35:20 [INFO] [warmup] Homepage visited
2026-04-09 13:35:20 [INFO] [warmup] Searching for: 'anime clothing women'
2026-04-09 13:35:56 [WARNING] [warmup] Search browse failed for 'anime clothing women': Page.click: Timeout 30000ms exceeded.
Call log:
  - waiting for locator("#twotabsearchtextbox")

2026-04-09 13:35:58 [INFO] [warmup] Searching for: 'halloween costume women'
2026-04-09 13:36:25 [INFO] [warmup] Done browsing search results for: 'halloween costume women'
2026-04-09 13:36:27 [INFO] [warmup] Searching for: 'thigh high socks'
2026-04-09 13:37:04 [WARNING] [warmup] Search browse failed for 'thigh high socks': Page.click: Timeout 30000ms exceeded.
Call log:
  - waiting for locator("#twotabsearchtextbox")

2026-04-09 13:37:05 [INFO] [warmup] Session warmup complete — starting product scraping
2026-04-09 13:37:06 [INFO] [B0FPCNKT9X] Attempt 1/3 — navigating...
2026-04-09 13:37:16 [INFO] [B0FPCNKT9X] Waiting for price element...
2026-04-09 13:37:16 [INFO] [B0FPCNKT9X] ✓ Price: $37.99
2026-04-09 13:37:16 [INFO] Waiting 4.3s before next page...
2026-04-09 13:37:20 [INFO] [B0FCMM85GN] Attempt 1/3 — navigating...
2026-04-09 13:37:29 [INFO] [B0FCMM85GN] Waiting for price element...
2026-04-09 13:37:29 [INFO] [B0FCMM85GN] ✓ Price: $50.99
2026-04-09 13:37:29 [INFO] Waiting 2.9s before next page...
2026-04-09 13:37:32 [INFO] [B074TDRF5B] Attempt 1/3 — navigating...
2026-04-09 13:37:40 [INFO] [B074TDRF5B] Waiting for price element...
2026-04-09 13:37:40 [INFO] [B074TDRF5B] ✓ Price: $8.99
2026-04-09 13:37:40 [INFO] Waiting 2.8s before next page...
2026-04-09 13:37:43 [INFO] [B0GJ5GCZMC] Attempt 1/3 — navigating...
2026-04-09 13:37:51 [INFO] [B0GJ5GCZMC] Waiting for price element...
2026-04-09 13:37:51 [INFO] [B0GJ5GCZMC] ✓ Price: $29.99
2026-04-09 13:37:51 [INFO] Waiting 3.2s before next page...
2026-04-09 13:37:54 [INFO] [B07Z8ZBXPH] Attempt 1/3 — navigating...
2026-04-09 13:38:03 [INFO] [B07Z8ZBXPH] Waiting for price element...
2026-04-09 13:38:03 [INFO] [B07Z8ZBXPH] ✓ Price: $29.99
2026-04-09 13:38:03 [INFO] Waiting 2.8s before next page...
2026-04-09 13:38:05 [INFO] [B0CT2N8L5F] Attempt 1/3 — navigating...
2026-04-09 13:38:14 [INFO] [B0CT2N8L5F] Waiting for price element...
2026-04-09 13:38:14 [INFO] [B0CT2N8L5F] ✓ Price: $66.99
2026-04-09 13:38:14 [INFO] Waiting 4.4s before next page...
2026-04-09 13:38:18 [INFO] [B07NV4JGTG] Attempt 1/3 — navigating...
2026-04-09 13:38:27 [INFO] [B07NV4JGTG] Waiting for price element...
2026-04-09 13:38:27 [INFO] [B07NV4JGTG] ✓ Price: $5.49
2026-04-09 13:38:27 [INFO] Waiting 3.2s before next page...
2026-04-09 13:38:30 [INFO] Browser closing
2026-04-09 13:38:31 [INFO] Cycle complete — 7 succeeded, 0 failed out of 7
2026-04-09 13:38:31 [INFO] Sleeping 30 minutes until next cycle...
2026-04-09 13:42:59 [INFO] === Scraper started ===
2026-04-09 13:42:59 [INFO] Tracking 7 URLs, polling every 30 minutes
2026-04-09 13:42:59 [INFO] ==================================================
2026-04-09 13:42:59 [INFO] Starting scrape cycle — 7 URLs
2026-04-09 13:42:59 [INFO] ==================================================
2026-04-09 13:43:00 [INFO] Browser opened (headful, 1920x1080, en-US)
2026-04-09 13:43:00 [INFO] [warmup] Starting session warmup...
2026-04-09 13:43:00 [INFO] [warmup] Visiting Amazon homepage...
2026-04-09 13:43:11 [INFO] [warmup] Homepage visited
2026-04-09 13:43:11 [INFO] [warmup] Searching for: 'cosplay costume'
2026-04-09 13:43:45 [WARNING] [warmup] Search browse failed for 'cosplay costume': Page.click: Timeout 30000ms exceeded.
Call log:
  - waiting for locator("#twotabsearchtextbox")

2026-04-09 13:43:47 [INFO] [warmup] Searching for: 'halloween costume women'
2026-04-09 13:44:23 [WARNING] [warmup] Search browse failed for 'halloween costume women': Page.click: Timeout 30000ms exceeded.
Call log:
  - waiting for locator("#twotabsearchtextbox")

2026-04-09 13:44:24 [INFO] [warmup] Session warmup complete — starting product scraping
2026-04-09 13:44:24 [INFO] [B07NV4JGTG] Attempt 1/3 — navigating...
2026-04-09 13:44:31 [INFO] [B07NV4JGTG] Waiting for price element...
2026-04-09 13:44:49 [ERROR] Task was destroyed but it is pending!
task: <Task pending name='Task-41' coro=<Browser.close() running at /home/dashrs/projects/amazon-price-tracker-scraping/.venv/lib/python3.13/site-packages/playwright/_impl/_browser.py:232> cb=[SyncBase._sync.<locals>.<lambda>() at /home/dashrs/projects/amazon-price-tracker-scraping/.venv/lib/python3.13/site-packages/playwright/_impl/_sync_base.py:111]>
2026-04-09 13:44:49 [ERROR] Task was destroyed but it is pending!
task: <Task pending name='Task-40' coro=<Page.wait_for_selector() done, defined at /home/dashrs/projects/amazon-price-tracker-scraping/.venv/lib/python3.13/site-packages/playwright/_impl/_page.py:412> wait_for=<Future pending cb=[Task.task_wakeup()]> cb=[SyncBase._sync.<locals>.<lambda>() at /home/dashrs/projects/amazon-price-tracker-scraping/.venv/lib/python3.13/site-packages/playwright/_impl/_sync_base.py:111, ProtocolCallback.__init__.<locals>.cb() at /home/dashrs/projects/amazon-price-tracker-scraping/.venv/lib/python3.13/site-packages/playwright/_impl/_connection.py:230]>
2026-04-09 13:45:54 [INFO] === Scraper started ===
2026-04-09 13:45:54 [INFO] Tracking 7 URLs, polling every 30 minutes
2026-04-09 13:45:54 [INFO] ==================================================
2026-04-09 13:45:54 [INFO] Starting scrape cycle — 7 URLs
2026-04-09 13:45:54 [INFO] ==================================================
2026-04-09 13:45:54 [INFO] Browser opened (headful, 1920x1080, en-US)
2026-04-09 13:45:54 [INFO] [warmup] Starting session warmup...
2026-04-09 13:45:55 [INFO] [warmup] Visiting Amazon homepage...
2026-04-09 13:46:00 [WARNING] Interstitial: clicked 'Continue shopping' via JS
2026-04-09 13:46:07 [INFO] [warmup] Homepage visited
2026-04-09 13:46:07 [INFO] [warmup] Searching for: 'thigh high socks'
2026-04-09 13:46:13 [WARNING] Interstitial: clicked 'Continue shopping' via JS
2026-04-09 13:46:32 [INFO] [warmup] Done browsing search results for: 'thigh high socks'
2026-04-09 13:46:35 [INFO] [warmup] Searching for: 'bodysuit women'
2026-04-09 13:46:41 [WARNING] Interstitial: clicked 'Continue shopping' via JS
2026-04-09 13:47:01 [INFO] [warmup] Done browsing search results for: 'bodysuit women'
2026-04-09 13:47:03 [INFO] [warmup] Session warmup complete — starting product scraping
2026-04-09 13:47:03 [INFO] [B0FPCNKT9X] Attempt 1/3 — navigating...
2026-04-09 13:47:08 [WARNING] Interstitial: clicked 'Continue shopping' via JS
2026-04-09 13:47:15 [INFO] [B0FPCNKT9X] Waiting for price element...
2026-04-09 13:47:15 [INFO] [B0FPCNKT9X] ✓ Price: $37.99
2026-04-09 13:47:15 [INFO] Waiting 3.3s before next page...
2026-04-09 13:47:18 [INFO] [B0CT2N8L5F] Attempt 1/3 — navigating...
2026-04-09 13:47:27 [INFO] [B0CT2N8L5F] Waiting for price element...
2026-04-09 13:47:27 [INFO] [B0CT2N8L5F] ✓ Price: $66.99
2026-04-09 13:47:27 [INFO] Waiting 3.8s before next page...
2026-04-09 13:47:31 [INFO] [B074TDRF5B] Attempt 1/3 — navigating...
2026-04-09 13:47:39 [INFO] [B074TDRF5B] Waiting for price element...
2026-04-09 13:47:39 [INFO] [B074TDRF5B] ✓ Price: $8.99
2026-04-09 13:47:39 [INFO] Waiting 2.1s before next page...
2026-04-09 13:47:41 [INFO] [B07Z8ZBXPH] Attempt 1/3 — navigating...
2026-04-09 13:47:49 [INFO] [B07Z8ZBXPH] Waiting for price element...
2026-04-09 13:47:49 [INFO] [B07Z8ZBXPH] ✓ Price: $29.99
2026-04-09 13:47:49 [INFO] Waiting 4.8s before next page...
2026-04-09 13:47:54 [INFO] [B0GJ5GCZMC] Attempt 1/3 — navigating...
2026-04-09 13:47:59 [INFO] === Scraper started ===
2026-04-09 13:47:59 [INFO] Tracking 7 URLs, polling every 30 minutes
2026-04-09 13:48:00 [INFO] Browser opened (headful, 1920x1080, en-US)
2026-04-09 13:48:00 [INFO] [warmup] Starting session warmup...
2026-04-09 13:48:00 [INFO] [warmup] Visiting Amazon homepage...
2026-04-09 13:48:04 [WARNING] Interstitial: clicked 'Continue shopping' via JS
2026-04-09 13:48:13 [INFO] [warmup] Homepage visited
2026-04-09 13:48:13 [INFO] [warmup] Searching for: 'lingerie set'
2026-04-09 13:48:49 [WARNING] [warmup] Search browse failed for 'lingerie set': Page.click: Timeout 30000ms exceeded.
Call log:
  - waiting for locator("#twotabsearchtextbox")

2026-04-09 13:48:52 [INFO] [warmup] Searching for: 'anime clothing women'
2026-04-09 13:49:26 [WARNING] [warmup] Search browse failed for 'anime clothing women': Page.click: Timeout 30000ms exceeded.
Call log:
  - waiting for locator("#twotabsearchtextbox")

2026-04-09 13:49:28 [INFO] [warmup] Searching for: 'halloween costume women'
2026-04-09 13:50:04 [WARNING] [warmup] Search browse failed for 'halloween costume women': Page.click: Timeout 30000ms exceeded.
Call log:
  - waiting for locator("#twotabsearchtextbox")

2026-04-09 13:50:07 [INFO] [warmup] Session warmup complete — starting product scraping
2026-04-09 13:50:07 [INFO] ==================================================
2026-04-09 13:50:07 [INFO] Starting scrape cycle — 7 URLs
2026-04-09 13:50:07 [INFO] ==================================================
2026-04-09 13:50:07 [INFO] [B0CT2N8L5F] Attempt 1/3 — navigating...
2026-04-09 13:50:18 [INFO] [B0CT2N8L5F] Waiting for price element...
2026-04-09 13:50:18 [INFO] [B0CT2N8L5F] ✓ Price: $66.99
2026-04-09 13:50:18 [INFO] Waiting 3.0s before next page...
2026-04-09 13:50:21 [INFO] [B07NV4JGTG] Attempt 1/3 — navigating...
2026-04-09 13:50:29 [INFO] [B07NV4JGTG] Waiting for price element...
2026-04-09 13:50:29 [INFO] [B07NV4JGTG] ✓ Price: $5.49
2026-04-09 13:50:29 [INFO] Waiting 2.3s before next page...
2026-04-09 13:50:31 [INFO] [B0FPCNKT9X] Attempt 1/3 — navigating...
2026-04-09 13:50:39 [INFO] [B0FPCNKT9X] Waiting for price element...
2026-04-09 13:50:39 [INFO] [B0FPCNKT9X] ✓ Price: $37.99
2026-04-09 13:50:39 [INFO] Waiting 2.9s before next page...
2026-04-09 13:50:42 [INFO] [B0GJ5GCZMC] Attempt 1/3 — navigating...
2026-04-09 13:50:49 [INFO] [B0GJ5GCZMC] Waiting for price element...
2026-04-09 13:50:49 [INFO] [B0GJ5GCZMC] ✓ Price: $29.99
2026-04-09 13:50:49 [INFO] Waiting 4.1s before next page...
2026-04-09 13:50:53 [INFO] [B0FCMM85GN] Attempt 1/3 — navigating...
2026-04-09 13:51:01 [INFO] [B0FCMM85GN] Waiting for price element...
2026-04-09 13:51:01 [INFO] [B0FCMM85GN] ✓ Price: $50.99
2026-04-09 13:51:01 [INFO] Waiting 4.3s before next page...
2026-04-09 13:51:06 [INFO] [B07Z8ZBXPH] Attempt 1/3 — navigating...
2026-04-09 13:51:13 [INFO] [B07Z8ZBXPH] Waiting for price element...
2026-04-09 13:51:13 [INFO] [B07Z8ZBXPH] ✓ Price: $29.99
2026-04-09 13:51:13 [INFO] Waiting 3.5s before next page...
2026-04-09 13:51:17 [INFO] [B074TDRF5B] Attempt 1/3 — navigating...
2026-04-09 13:51:25 [INFO] [B074TDRF5B] Waiting for price element...
2026-04-09 13:51:25 [INFO] [B074TDRF5B] ✓ Price: $8.99
2026-04-09 13:51:25 [INFO] Waiting 2.8s before next page...
2026-04-09 13:51:28 [INFO] Cycle complete — 7 succeeded, 0 failed out of 7
2026-04-09 13:51:28 [INFO] Sleeping 30 minutes until next cycle...
2026-04-09 13:52:16 [INFO] === Scraper started ===
2026-04-09 13:52:16 [INFO] Tracking 7 URLs, polling every 30 minutes
2026-04-09 13:52:17 [INFO] Browser opened (headful, 1920x1080, en-US)
2026-04-09 13:52:17 [INFO] [warmup] Starting session warmup...
2026-04-09 13:52:18 [INFO] [warmup] Visiting Amazon homepage...
2026-04-09 13:52:23 [WARNING] Interstitial: clicked 'Continue shopping' via JS
2026-04-09 13:52:32 [INFO] [warmup] Homepage visited
2026-04-09 13:52:32 [INFO] [warmup] Searching for: 'anime clothing women'
2026-04-09 13:52:38 [WARNING] Interstitial: clicked 'Continue shopping' via JS
2026-04-09 13:52:59 [INFO] [warmup] Done browsing for: 'anime clothing women'
2026-04-09 13:53:02 [INFO] [warmup] Searching for: 'bodysuit women'
2026-04-09 13:53:38 [WARNING] [warmup] Search browse failed for 'bodysuit women': Page.click: Timeout 30000ms exceeded.
Call log:
  - waiting for locator("#twotabsearchtextbox")

2026-04-09 13:53:39 [INFO] [warmup] Searching for: 'cosplay costume'
2026-04-09 13:54:15 [WARNING] [warmup] Search browse failed for 'cosplay costume': Page.click: Timeout 30000ms exceeded.
Call log:
  - waiting for locator("#twotabsearchtextbox")
    - waiting for navigation to finish...
    - navigated to "https://www.amazon.com/"

2026-04-09 13:54:18 [INFO] [warmup] Session warmup complete
2026-04-09 13:54:18 [INFO] ==================================================
2026-04-09 13:54:18 [INFO] Starting scrape cycle — 7 URLs
2026-04-09 13:54:18 [INFO] ==================================================
2026-04-09 13:54:18 [INFO] [B0FPCNKT9X] Attempt 1/3 — navigating...
2026-04-09 13:54:24 [WARNING] Interstitial: clicked 'Continue shopping' via JS
2026-04-09 13:54:27 [ERROR] Task was destroyed but it is pending!
task: <Task pending name='Task-102' coro=<Browser.close() running at /home/dashrs/projects/amazon-price-tracker-scraping/.venv/lib/python3.13/site-packages/playwright/_impl/_browser.py:232> cb=[SyncBase._sync.<locals>.<lambda>() at /home/dashrs/projects/amazon-price-tracker-scraping/.venv/lib/python3.13/site-packages/playwright/_impl/_sync_base.py:111]>
2026-04-09 13:54:27 [ERROR] Task was destroyed but it is pending!
task: <Task pending name='Task-101' coro=<Page.wait_for_timeout() done, defined at /home/dashrs/projects/amazon-price-tracker-scraping/.venv/lib/python3.13/site-packages/playwright/_impl/_page.py:1100> wait_for=<Future pending cb=[Task.task_wakeup()]> cb=[SyncBase._sync.<locals>.<lambda>() at /home/dashrs/projects/amazon-price-tracker-scraping/.venv/lib/python3.13/site-packages/playwright/_impl/_sync_base.py:111, ProtocolCallback.__init__.<locals>.cb() at /home/dashrs/projects/amazon-price-tracker-scraping/.venv/lib/python3.13/site-packages/playwright/_impl/_connection.py:230]>
2026-04-09 13:54:31 [INFO] === Scraper started ===
2026-04-09 13:54:31 [INFO] Tracking 7 URLs, polling every 30 minutes
2026-04-09 13:54:32 [INFO] Browser opened (headful, 1920x1080, en-US)
2026-04-09 13:54:32 [INFO] [warmup] Starting session warmup...
2026-04-09 13:54:32 [INFO] [warmup] Visiting Amazon homepage...
2026-04-09 13:54:36 [WARNING] Interstitial: clicked 'Continue shopping' via JS
2026-04-09 13:54:42 [INFO] [warmup] Homepage visited
2026-04-09 13:54:42 [INFO] [warmup] Searching for: 'anime clothing women'
2026-04-09 13:54:59 [INFO] [warmup] Done browsing for: 'anime clothing women'
2026-04-09 13:55:00 [INFO] [warmup] Searching for: 'thigh high socks'
2026-04-09 13:55:28 [INFO] [warmup] Done browsing for: 'thigh high socks'
2026-04-09 13:55:30 [INFO] [warmup] Session warmup complete
2026-04-09 13:55:30 [INFO] ==================================================
2026-04-09 13:55:30 [INFO] Starting scrape cycle — 7 URLs
2026-04-09 13:55:30 [INFO] ==================================================
2026-04-09 13:55:30 [INFO] [B07Z8ZBXPH] Attempt 1/3 — navigating...
2026-04-09 13:55:35 [WARNING] Interstitial: clicked 'Continue shopping' via JS
2026-04-09 13:55:42 [INFO] [B07Z8ZBXPH] Waiting for price element...
2026-04-09 13:55:42 [INFO] [B07Z8ZBXPH] ✓ Price: $29.99
2026-04-09 13:55:42 [INFO] Waiting 3.7s before next page...
2026-04-09 13:55:45 [INFO] [B074TDRF5B] Attempt 1/3 — navigating...
2026-04-09 13:55:53 [INFO] [B074TDRF5B] Waiting for price element...
2026-04-09 13:55:53 [INFO] [B074TDRF5B] ✓ Price: $8.99
2026-04-09 13:55:53 [INFO] Waiting 4.5s before next page...
2026-04-09 13:55:58 [INFO] [B0FCMM85GN] Attempt 1/3 — navigating...
2026-04-09 13:56:05 [INFO] [B0FCMM85GN] Waiting for price element...
2026-04-09 13:56:05 [INFO] [B0FCMM85GN] ✓ Price: $50.99
2026-04-09 13:56:05 [INFO] Waiting 2.7s before next page...
2026-04-09 13:56:08 [INFO] [B07NV4JGTG] Attempt 1/3 — navigating...
2026-04-09 13:56:17 [INFO] [B07NV4JGTG] Waiting for price element...
2026-04-09 13:56:17 [INFO] [B07NV4JGTG] ✓ Price: $5.49
2026-04-09 13:56:17 [INFO] Waiting 2.6s before next page...
2026-04-09 13:56:20 [INFO] [B0GJ5GCZMC] Attempt 1/3 — navigating...
2026-04-09 13:56:27 [INFO] [B0GJ5GCZMC] Waiting for price element...
2026-04-09 13:56:27 [INFO] [B0GJ5GCZMC] ✓ Price: $29.99
2026-04-09 13:56:27 [INFO] Waiting 3.1s before next page...
2026-04-09 13:56:30 [INFO] [B0FPCNKT9X] Attempt 1/3 — navigating...
2026-04-09 13:56:38 [INFO] [B0FPCNKT9X] Waiting for price element...
2026-04-09 13:56:38 [INFO] [B0FPCNKT9X] ✓ Price: $37.99
2026-04-09 13:56:38 [INFO] Waiting 4.8s before next page...
2026-04-09 13:56:43 [INFO] [B0CT2N8L5F] Attempt 1/3 — navigating...
2026-04-09 13:56:50 [INFO] [B0CT2N8L5F] Waiting for price element...
2026-04-09 13:56:50 [INFO] [B0CT2N8L5F] ✓ Price: $66.99
2026-04-09 13:56:50 [INFO] Waiting 2.4s before next page...
2026-04-09 13:56:52 [INFO] Cycle complete — 7 succeeded, 0 failed out of 7
2026-04-09 13:56:52 [INFO] Sleeping 30 minutes until next cycle...
2026-04-09 14:03:07 [INFO] === Scraper started ===
2026-04-09 14:03:07 [INFO] Tracking 7 URLs, polling every 30 minutes
2026-04-09 14:03:07 [INFO] Browser opened (headful, 1920x1080, en-US)
2026-04-09 14:03:07 [INFO] [warmup] Starting session warmup...
2026-04-09 14:03:08 [INFO] [warmup] Visiting Amazon homepage...
2026-04-09 14:03:13 [WARNING] Interstitial: clicked 'Continue shopping' via JS
2026-04-09 14:03:23 [INFO] [warmup] Homepage visited
2026-04-09 14:03:23 [INFO] [warmup] Searching for: 'thigh high socks'
2026-04-09 14:03:28 [WARNING] Interstitial: clicked 'Continue shopping' via JS
2026-04-09 14:03:45 [INFO] [warmup] Done browsing search results for: 'thigh high socks'
2026-04-09 14:03:47 [INFO] [warmup] Searching for: 'cosplay costume'
2026-04-09 14:03:54 [WARNING] Interstitial: clicked 'Continue shopping' via JS
2026-04-09 14:04:13 [INFO] [warmup] Done browsing search results for: 'cosplay costume'
2026-04-09 14:04:15 [INFO] [warmup] Session warmup complete — starting product scraping
2026-04-09 14:04:15 [INFO] ==================================================
2026-04-09 14:04:15 [INFO] Starting scrape cycle — 7 URLs
2026-04-09 14:04:15 [INFO] ==================================================
2026-04-09 14:04:15 [INFO] [B0GJ5GCZMC] Attempt 1/3 — navigating...
2026-04-09 14:04:15 [INFO] [B0GJ5GCZMC] Navigating via search: 'Ruocealya Virgin Killer Backless Sweater Set'
2026-04-09 14:04:22 [WARNING] Interstitial: clicked 'Continue shopping' via JS
2026-04-09 14:04:34 [INFO] [B0GJ5GCZMC] Looking for ASIN in search results...
2026-04-09 14:04:36 [INFO] [B0GJ5GCZMC] Successfully landed on product page via search
2026-04-09 14:04:38 [INFO] [B0GJ5GCZMC] Waiting for price element...
2026-04-09 14:04:39 [INFO] [B0GJ5GCZMC] ✓ Price: $29.99
2026-04-09 14:04:39 [INFO] Waiting 4.4s before next page...
2026-04-09 14:04:43 [INFO] [B0FCMM85GN] Attempt 1/3 — navigating...
2026-04-09 14:04:43 [INFO] [B0FCMM85GN] Navigating via search: 'WUNGY Cosplay Costume Uniform costume'
2026-04-09 14:04:53 [INFO] [B0FCMM85GN] Looking for ASIN in search results...
2026-04-09 14:04:56 [INFO] [B0FCMM85GN] Successfully landed on product page via search
2026-04-09 14:04:59 [INFO] [B0FCMM85GN] Waiting for price element...
2026-04-09 14:04:59 [INFO] [B0FCMM85GN] ✓ Price: $50.99
2026-04-09 14:04:59 [INFO] Waiting 3.9s before next page...
2026-04-09 14:05:03 [INFO] [B074TDRF5B] Attempt 1/3 — navigating...
2026-04-09 14:05:03 [INFO] [B074TDRF5B] Navigating via search: 'Women Thigh Socks Warmer Stockings'
2026-04-09 14:05:13 [INFO] [B074TDRF5B] Looking for ASIN in search results...
2026-04-09 14:05:16 [INFO] [B074TDRF5B] Successfully landed on product page via search
2026-04-09 14:05:20 [INFO] [B074TDRF5B] Waiting for price element...
2026-04-09 14:05:20 [INFO] [B074TDRF5B] ✓ Price: $8.99
2026-04-09 14:05:20 [INFO] Waiting 4.8s before next page...
2026-04-09 14:05:25 [INFO] [B0FPCNKT9X] Attempt 1/3 — navigating...
2026-04-09 14:05:25 [INFO] [B0FPCNKT9X] Navigating via search: 'KORURACLUB gradient halloween accessories included'
2026-04-09 14:05:36 [INFO] [B0FPCNKT9X] Looking for ASIN in search results...
2026-04-09 14:05:36 [WARNING] [B0FPCNKT9X] ASIN not found in search results — falling back to direct navigation
2026-04-09 14:05:36 [INFO] [B0FPCNKT9X] Falling back to direct URL navigation...
2026-04-09 14:05:43 [INFO] [B0FPCNKT9X] Waiting for price element...
2026-04-09 14:06:13 [WARNING] [B0FPCNKT9X] Price element did not appear within timeout.
2026-04-09 14:06:13 [ERROR] [B0FPCNKT9X] Attempt 1 failed: Price element timeout
2026-04-09 14:06:13 [INFO] [B0FPCNKT9X] Retrying in 5s...
2026-04-09 14:06:18 [INFO] [B0FPCNKT9X] Attempt 2/3 — navigating...
2026-04-09 14:06:18 [INFO] [B0FPCNKT9X] Navigating via search: 'KORURACLUB gradient halloween accessories included'
2026-04-09 14:06:29 [INFO] [B0FPCNKT9X] Looking for ASIN in search results...
2026-04-09 14:06:29 [WARNING] [B0FPCNKT9X] ASIN not found in search results — falling back to direct navigation
2026-04-09 14:06:29 [INFO] [B0FPCNKT9X] Falling back to direct URL navigation...
2026-04-09 14:10:37 [ERROR] Task was destroyed but it is pending!
task: <Task pending name='Task-680' coro=<Browser.close() running at /home/dashrs/projects/amazon-price-tracker-scraping/.venv/lib/python3.13/site-packages/playwright/_impl/_browser.py:232> cb=[SyncBase._sync.<locals>.<lambda>() at /home/dashrs/projects/amazon-price-tracker-scraping/.venv/lib/python3.13/site-packages/playwright/_impl/_sync_base.py:111]>
2026-04-09 14:10:37 [ERROR] Task was destroyed but it is pending!
task: <Task pending name='Task-679' coro=<Mouse.move() running at /home/dashrs/projects/amazon-price-tracker-scraping/.venv/lib/python3.13/site-packages/playwright/_impl/_input.py:48> wait_for=<Future pending cb=[Task.task_wakeup()]> cb=[SyncBase._sync.<locals>.<lambda>() at /home/dashrs/projects/amazon-price-tracker-scraping/.venv/lib/python3.13/site-packages/playwright/_impl/_sync_base.py:111, ProtocolCallback.__init__.<locals>.cb() at /home/dashrs/projects/amazon-price-tracker-scraping/.venv/lib/python3.13/site-packages/playwright/_impl/_connection.py:230]>
2026-04-09 14:11:32 [INFO] === Scraper started ===
2026-04-09 14:11:32 [INFO] Tracking 7 URLs, polling every 30 minutes
2026-04-09 14:11:32 [INFO] Browser opened (headful, 1920x1080, en-US)
2026-04-09 14:11:32 [INFO] [warmup] Starting session warmup...
2026-04-09 14:11:33 [INFO] [warmup] Visiting Amazon homepage...
2026-04-09 14:11:38 [WARNING] Interstitial: clicked 'Continue shopping' via JS
2026-04-09 14:11:44 [INFO] [warmup] Homepage visited
2026-04-09 14:11:44 [INFO] [warmup] Searching for: 'thigh high socks'
2026-04-09 14:12:20 [WARNING] [warmup] Search browse failed for 'thigh high socks': Page.click: Timeout 30000ms exceeded.
Call log:
  - waiting for locator("#twotabsearchtextbox")

2026-04-09 14:12:22 [INFO] [warmup] Searching for: 'cosplay costume'
2026-04-09 14:12:28 [WARNING] Interstitial: clicked 'Continue shopping' via JS
2026-04-09 14:12:48 [INFO] [warmup] Done browsing search results for: 'cosplay costume'
2026-04-09 14:12:50 [INFO] [warmup] Searching for: 'halloween costume women'
2026-04-09 14:12:56 [WARNING] Interstitial: clicked 'Continue shopping' via JS
2026-04-09 14:13:14 [INFO] [warmup] Done browsing search results for: 'halloween costume women'
2026-04-09 14:13:17 [INFO] [warmup] Session warmup complete — starting product scraping
2026-04-09 14:13:17 [INFO] ==================================================
2026-04-09 14:13:17 [INFO] Starting scrape cycle — 7 URLs
2026-04-09 14:13:17 [INFO] ==================================================
2026-04-09 14:13:17 [INFO] [B07Z8ZBXPH] Attempt 1/3 — navigating...
2026-04-09 14:13:17 [INFO] [B07Z8ZBXPH] Navigating via search: 'Cosplay fm Cosplay Printed Bodysuit Costume'
2026-04-09 14:13:23 [WARNING] Interstitial: clicked 'Continue shopping' via JS
2026-04-09 14:13:34 [INFO] [B07Z8ZBXPH] Looking for ASIN in search results...
2026-04-09 14:13:36 [INFO] [B07Z8ZBXPH] Successfully landed on product page via search
2026-04-09 14:13:40 [INFO] [B07Z8ZBXPH] Waiting for price element...
2026-04-09 14:13:40 [INFO] [B07Z8ZBXPH] ✓ Price: $29.99
2026-04-09 14:13:40 [INFO] Waiting 4.7s before next page...
2026-04-09 14:13:45 [INFO] [B0FCMM85GN] Attempt 1/3 — navigating...
2026-04-09 14:13:45 [INFO] [B0FCMM85GN] Navigating via search: 'WUNGY Cosplay Costume Uniform costume'
2026-04-09 14:13:56 [INFO] [B0FCMM85GN] Looking for ASIN in search results...
2026-04-09 14:13:56 [WARNING] [B0FCMM85GN] ASIN not found in search results — falling back to direct navigation
2026-04-09 14:13:56 [INFO] [B0FCMM85GN] Falling back to direct URL navigation...
2026-04-09 14:14:04 [INFO] [B0FCMM85GN] Waiting for price element...
2026-04-09 14:14:04 [INFO] [B0FCMM85GN] ✓ Price: $50.99
2026-04-09 14:14:04 [INFO] Waiting 4.1s before next page...
2026-04-09 14:14:08 [INFO] [B074TDRF5B] Attempt 1/3 — navigating...
2026-04-09 14:14:08 [INFO] [B074TDRF5B] Navigating via search: 'Women Thigh Socks Warmer Stockings'
2026-04-09 14:14:18 [INFO] [B074TDRF5B] Looking for ASIN in search results...
2026-04-09 14:14:22 [INFO] [B074TDRF5B] Successfully landed on product page via search
2026-04-09 14:14:25 [INFO] [B074TDRF5B] Waiting for price element...
2026-04-09 14:14:25 [INFO] [B074TDRF5B] ✓ Price: $8.99
2026-04-09 14:14:25 [INFO] Waiting 3.1s before next page...
2026-04-09 14:14:29 [INFO] [B0CT2N8L5F] Attempt 1/3 — navigating...
2026-04-09 14:14:29 [INFO] [B0CT2N8L5F] Navigating via search: 'MEOWCOS Bodysuit Onesie Pajamas Romper'
2026-04-09 14:14:39 [INFO] [B0CT2N8L5F] Looking for ASIN in search results...
2026-04-09 14:14:39 [WARNING] [B0CT2N8L5F] ASIN not found in search results — falling back to direct navigation
2026-04-09 14:14:39 [INFO] [B0CT2N8L5F] Falling back to direct URL navigation...
2026-04-09 14:14:48 [INFO] [B0CT2N8L5F] Waiting for price element...
2026-04-09 14:14:48 [INFO] [B0CT2N8L5F] ✓ Price: $66.99
2026-04-09 14:14:48 [INFO] Waiting 3.5s before next page...
2026-04-09 14:14:51 [INFO] [B07NV4JGTG] Attempt 1/3 — navigating...
2026-04-09 14:14:51 [INFO] [B07NV4JGTG] Navigating via search: 'Charmnight Fishnet Stockings Pantyhose Black g5'
2026-04-09 14:15:03 [INFO] [B07NV4JGTG] Looking for ASIN in search results...
2026-04-09 14:15:05 [INFO] [B07NV4JGTG] Successfully landed on product page via search
2026-04-09 14:15:08 [INFO] [B07NV4JGTG] Waiting for price element...
2026-04-09 14:15:08 [INFO] [B07NV4JGTG] ✓ Price: $5.49
2026-04-09 14:15:08 [INFO] Waiting 4.3s before next page...
2026-04-09 14:15:13 [INFO] [B0GJ5GCZMC] Attempt 1/3 — navigating...
2026-04-09 14:15:13 [INFO] [B0GJ5GCZMC] Navigating via search: 'Ruocealya Virgin Killer Backless Sweater Set'
2026-04-09 14:15:24 [INFO] [B0GJ5GCZMC] Looking for ASIN in search results...
2026-04-09 14:15:27 [INFO] [B0GJ5GCZMC] Successfully landed on product page via search
2026-04-09 14:15:31 [INFO] [B0GJ5GCZMC] Waiting for price element...
2026-04-09 14:15:31 [INFO] [B0GJ5GCZMC] ✓ Price: $29.99
2026-04-09 14:15:31 [INFO] Waiting 2.1s before next page...
2026-04-09 14:15:33 [INFO] [B0FPCNKT9X] Attempt 1/3 — navigating...
2026-04-09 14:15:33 [INFO] [B0FPCNKT9X] Navigating via search: 'KORURACLUB gradient halloween accessories included'
2026-04-09 14:15:44 [INFO] [B0FPCNKT9X] Looking for ASIN in search results...
2026-04-09 14:15:44 [WARNING] [B0FPCNKT9X] ASIN not found in search results — falling back to direct navigation
2026-04-09 14:15:44 [INFO] [B0FPCNKT9X] Falling back to direct URL navigation...
2026-04-09 14:15:53 [INFO] [B0FPCNKT9X] Waiting for price element...
2026-04-09 14:15:53 [INFO] [B0FPCNKT9X] ✓ Price: $37.99
2026-04-09 14:15:53 [INFO] Waiting 3.3s before next page...
2026-04-09 14:15:56 [INFO] Cycle complete — 7 succeeded, 0 failed out of 7
2026-04-09 14:15:56 [INFO] Sleeping 30 minutes until next cycle...
